============================= test session starts ==============================
platform linux -- Python 3.14.4, pytest-9.1.1, pluggy-1.6.0
rootdir: /home/adriel/projects/Rastro
configfile: pyproject.toml
plugins: cov-7.1.0, anyio-4.14.2, xdist-3.8.0, timeout-2.4.0, asyncio-1.4.0
timeout: 30.0s
timeout method: signal
timeout func_only: False
asyncio: mode=Mode.AUTO, debug=False, asyncio_default_fixture_loop_scope=None, asyncio_default_test_loop_scope=function
collected 59 items / 4 errors

==================================== ERRORS ====================================
______________ ERROR collecting tests/test_opportunity_engine.py _______________
ImportError while importing test module '/home/adriel/projects/Rastro/tests/test_opportunity_engine.py'.
Hint: make sure your test modules/packages have valid Python names.
Traceback:
/usr/lib/python3.14/importlib/__init__.py:88: in import_module
    return _bootstrap._gcd_import(name[level:], package, level)
           ^^^^^^^^^^^^^^^^^^^^^^^^^^^^^^^^^^^^^^^^^^^^^^^^^^^^
tests/test_opportunity_engine.py:3: in <module>
    from core.opportunity.scoring import OpportunityEngineLegacy, UnifiedScore
E   ModuleNotFoundError: No module named 'core.opportunity.scoring'
_______ ERROR collecting tests/test_opportunity_engine_comprehensive.py ________
ImportError while importing test module '/home/adriel/projects/Rastro/tests/test_opportunity_engine_comprehensive.py'.
Hint: make sure your test modules/packages have valid Python names.
Traceback:
/usr/lib/python3.14/importlib/__init__.py:88: in import_module
    return _bootstrap._gcd_import(name[level:], package, level)
           ^^^^^^^^^^^^^^^^^^^^^^^^^^^^^^^^^^^^^^^^^^^^^^^^^^^^
tests/test_opportunity_engine_comprehensive.py:5: in <module>
    from core.opportunity.scoring import (
E   ModuleNotFoundError: No module named 'core.opportunity.scoring'
_____________ ERROR collecting tests/test_e2e_security_pipeline.py _____________
ImportError while importing test module '/home/adriel/projects/Rastro/tests/test_e2e_security_pipeline.py'.
Hint: make sure your test modules/packages have valid Python names.
Traceback:
/usr/lib/python3.14/importlib/__init__.py:88: in import_module
    return _bootstrap._gcd_import(name[level:], package, level)
           ^^^^^^^^^^^^^^^^^^^^^^^^^^^^^^^^^^^^^^^^^^^^^^^^^^^^
tests/test_e2e_security_pipeline.py:9: in <module>
    from cores.cycles.stages import get_executor
cores/cycles/__init__.py:13: in <module>
    from core.cycles.events import (
core/cycles/__init__.py:23: in <module>
    from core.cycles.metrics import CycleMetricsEngine
core/cycles/metrics.py:12: in <module>
    from cores.opportunity.engine import SEED_OPPORTUNITIES
cores/opportunity/__init__.py:9: in <module>
    from core.opportunity.models import (
E   ModuleNotFoundError: No module named 'core.opportunity.models'
________________ ERROR collecting tests/test_security_cycle.py _________________
ImportError while importing test module '/home/adriel/projects/Rastro/tests/test_security_cycle.py'.
Hint: make sure your test modules/packages have valid Python names.
Traceback:
/usr/lib/python3.14/importlib/__init__.py:88: in import_module
    return _bootstrap._gcd_import(name[level:], package, level)
           ^^^^^^^^^^^^^^^^^^^^^^^^^^^^^^^^^^^^^^^^^^^^^^^^^^^^
tests/test_security_cycle.py:2: in <module>
    from core.cycles.security import SecurityCycle
core/cycles/__init__.py:23: in <module>
    from core.cycles.metrics import CycleMetricsEngine
core/cycles/metrics.py:12: in <module>
    from cores.opportunity.engine import SEED_OPPORTUNITIES
cores/opportunity/__init__.py:9: in <module>
    from core.opportunity.models import (
E   ModuleNotFoundError: No module named 'core.opportunity.models'
=========================== short test summary info ============================
ERROR tests/test_opportunity_engine.py
ERROR tests/test_opportunity_engine_comprehensive.py
ERROR tests/test_e2e_security_pipeline.py
ERROR tests/test_security_cycle.py
!!!!!!!!!!!!!!!!!!! Interrupted: 4 errors during collection !!!!!!!!!!!!!!!!!!!!
============================== 4 errors in 0.47s ===============================
