{"/home/adrie/projects/Rastro/frontend/src/components/charts/BarChart.vue": {"path":"/home/adrie/projects/Rastro/frontend/src/components/charts/BarChart.vue","statementMap":{"0":{"start":{"line":10,"column":0},"end":{"line":10,"column":null}},"1":{"start":{"line":34,"column":14},"end":{"line":34,"column":null}},"2":{"start":{"line":42,"column":6},"end":{"line":42,"column":null}},"3":{"start":{"line":42,"column":30},"end":{"line":42,"column":81}},"4":{"start":{"line":44,"column":6},"end":{"line":55,"column":null}},"5":{"start":{"line":44,"column":34},"end":{"line":55,"column":2}},"6":{"start":{"line":46,"column":38},"end":{"line":54,"column":4}},"7":{"start":{"line":57,"column":6},"end":{"line":90,"column":null}},"8":{"start":{"line":57,"column":37},"end":{"line":90,"column":2}},"9":{"start":{"line":93,"column":17},"end":{"line":93,"column":null}},"10":{"start":{"line":94,"column":2},"end":{"line":97,"column":null}},"11":{"start":{"line":95,"column":16},"end":{"line":95,"column":null}},"12":{"start":{"line":96,"column":4},"end":{"line":96,"column":null}},"13":{"start":{"line":100,"column":13},"end":{"line":100,"column":null}},"14":{"start":{"line":104,"column":2},"end":{"line":105,"column":74}}},"fnMap":{"0":{"name":"(anonymous_0)","decl":{"start":{"line":42,"column":24},"end":{"line":42,"column":30}},"loc":{"start":{"line":42,"column":30},"end":{"line":42,"column":81}},"line":42},"1":{"name":"(anonymous_1)","decl":{"start":{"line":44,"column":27},"end":{"line":44,"column":34}},"loc":{"start":{"line":44,"column":34},"end":{"line":55,"column":2}},"line":44},"2":{"name":"(anonymous_2)","decl":{"start":{"line":46,"column":31},"end":{"line":46,"column":38}},"loc":{"start":{"line":46,"column":38},"end":{"line":54,"column":4}},"line":46},"3":{"name":"(anonymous_3)","decl":{"start":{"line":57,"column":30},"end":{"line":57,"column":37}},"loc":{"start":{"line":57,"column":37},"end":{"line":90,"column":2}},"line":57},"4":{"name":"handleClick","decl":{"start":{"line":92,"column":9},"end":{"line":92,"column":21}},"loc":{"start":{"line":92,"column":29},"end":{"line":98,"column":null}},"line":92}},"branchMap":{"0":{"loc":{"start":{"line":48,"column":21},"end":{"line":50,"column":null}},"type":"binary-expr","locations":[{"start":{"line":48,"column":21},"end":{"line":48,"column":44}},{"start":{"line":48,"column":44},"end":{"line":50,"column":null}}],"line":48},"1":{"loc":{"start":{"line":48,"column":44},"end":{"line":50,"column":null}},"type":"cond-expr","locations":[{"start":{"line":49,"column":8},"end":{"line":49,"column":null}},{"start":{"line":50,"column":8},"end":{"line":50,"column":null}}],"line":48},"2":{"loc":{"start":{"line":51,"column":17},"end":{"line":51,"column":null}},"type":"binary-expr","locations":[{"start":{"line":51,"column":17},"end":{"line":51,"column":35}},{"start":{"line":51,"column":35},"end":{"line":51,"column":null}}],"line":51},"3":{"loc":{"start":{"line":52,"column":17},"end":{"line":52,"column":null}},"type":"binary-expr","locations":[{"start":{"line":52,"column":17},"end":{"line":52,"column":35}},{"start":{"line":52,"column":35},"end":{"line":52,"column":null}}],"line":52},"4":{"loc":{"start":{"line":53,"column":18},"end":{"line":53,"column":null}},"type":"binary-expr","locations":[{"start":{"line":53,"column":18},"end":{"line":53,"column":37}},{"start":{"line":53,"column":37},"end":{"line":53,"column":null}}],"line":53},"5":{"loc":{"start":{"line":60,"column":13},"end":{"line":60,"column":null}},"type":"cond-expr","locations":[{"start":{"line":60,"column":32},"end":{"line":60,"column":47}},{"start":{"line":60,"column":47},"end":{"line":60,"column":null}}],"line":60},"6":{"loc":{"start":{"line":62,"column":58},"end":{"line":62,"column":96}},"type":"cond-expr","locations":[{"start":{"line":62,"column":73},"end":{"line":62,"column":85}},{"start":{"line":62,"column":85},"end":{"line":62,"column":96}}],"line":62},"7":{"loc":{"start":{"line":63,"column":11},"end":{"line":63,"column":null}},"type":"cond-expr","locations":[{"start":{"line":63,"column":25},"end":{"line":63,"column":129}},{"start":{"line":63,"column":129},"end":{"line":63,"column":null}}],"line":63},"8":{"loc":{"start":{"line":63,"column":68},"end":{"line":63,"column":106}},"type":"cond-expr","locations":[{"start":{"line":63,"column":83},"end":{"line":63,"column":95}},{"start":{"line":63,"column":95},"end":{"line":63,"column":106}}],"line":63},"9":{"loc":{"start":{"line":65,"column":23},"end":{"line":65,"column":null}},"type":"cond-expr","locations":[{"start":{"line":65,"column":38},"end":{"line":65,"column":50}},{"start":{"line":65,"column":50},"end":{"line":65,"column":null}}],"line":65},"10":{"loc":{"start":{"line":66,"column":18},"end":{"line":66,"column":null}},"type":"cond-expr","locations":[{"start":{"line":66,"column":33},"end":{"line":66,"column":45}},{"start":{"line":66,"column":45},"end":{"line":66,"column":null}}],"line":66},"11":{"loc":{"start":{"line":67,"column":17},"end":{"line":67,"column":null}},"type":"cond-expr","locations":[{"start":{"line":67,"column":32},"end":{"line":67,"column":44}},{"start":{"line":67,"column":44},"end":{"line":67,"column":null}}],"line":67},"12":{"loc":{"start":{"line":68,"column":19},"end":{"line":68,"column":null}},"type":"cond-expr","locations":[{"start":{"line":68,"column":34},"end":{"line":68,"column":46}},{"start":{"line":68,"column":46},"end":{"line":68,"column":null}}],"line":68},"13":{"loc":{"start":{"line":75,"column":21},"end":{"line":75,"column":82}},"type":"cond-expr","locations":[{"start":{"line":75,"column":36},"end":{"line":75,"column":63}},{"start":{"line":75,"column":63},"end":{"line":75,"column":82}}],"line":75},"14":{"loc":{"start":{"line":76,"column":22},"end":{"line":76,"column":60}},"type":"cond-expr","locations":[{"start":{"line":76,"column":37},"end":{"line":76,"column":49}},{"start":{"line":76,"column":49},"end":{"line":76,"column":60}}],"line":76},"15":{"loc":{"start":{"line":78,"column":13},"end":{"line":78,"column":null}},"type":"cond-expr","locations":[{"start":{"line":78,"column":28},"end":{"line":78,"column":113}},{"start":{"line":78,"column":113},"end":{"line":78,"column":null}}],"line":78},"16":{"loc":{"start":{"line":78,"column":72},"end":{"line":78,"column":109}},"type":"cond-expr","locations":[{"start":{"line":78,"column":87},"end":{"line":78,"column":99}},{"start":{"line":78,"column":99},"end":{"line":78,"column":109}}],"line":78},"17":{"loc":{"start":{"line":81,"column":21},"end":{"line":81,"column":82}},"type":"cond-expr","locations":[{"start":{"line":81,"column":36},"end":{"line":81,"column":63}},{"start":{"line":81,"column":63},"end":{"line":81,"column":82}}],"line":81},"18":{"loc":{"start":{"line":82,"column":22},"end":{"line":82,"column":60}},"type":"cond-expr","locations":[{"start":{"line":82,"column":37},"end":{"line":82,"column":49}},{"start":{"line":82,"column":49},"end":{"line":82,"column":60}}],"line":82},"19":{"loc":{"start":{"line":85,"column":13},"end":{"line":85,"column":null}},"type":"cond-expr","locations":[{"start":{"line":85,"column":28},"end":{"line":85,"column":113}},{"start":{"line":85,"column":113},"end":{"line":85,"column":null}}],"line":85},"20":{"loc":{"start":{"line":85,"column":72},"end":{"line":85,"column":109}},"type":"cond-expr","locations":[{"start":{"line":85,"column":87},"end":{"line":85,"column":99}},{"start":{"line":85,"column":99},"end":{"line":85,"column":109}}],"line":85},"21":{"loc":{"start":{"line":94,"column":2},"end":{"line":97,"column":null}},"type":"if","locations":[{"start":{"line":94,"column":2},"end":{"line":97,"column":null}},{"start":{},"end":{}}],"line":94}},"s":{"0":0,"1":0,"2":0,"3":0,"4":0,"5":0,"6":0,"7":0,"8":0,"9":0,"10":0,"11":0,"12":0,"13":0,"14":0},"f":{"0":0,"1":0,"2":0,"3":0,"4":0},"b":{"0":[0,0],"1":[0,0],"2":[0,0],"3":[0,0],"4":[0,0],"5":[0,0],"6":[0,0],"7":[0,0],"8":[0,0],"9":[0,0],"10":[0,0],"11":[0,0],"12":[0,0],"13":[0,0],"14":[0,0],"15":[0,0],"16":[0,0],"17":[0,0],"18":[0,0],"19":[0,0],"20":[0,0],"21":[0,0]},"meta":{"lastBranch":22,"lastFunction":5,"lastStatement":15,"seen":{"s:10:0:10:Infinity":0,"s:34:14:34:Infinity":1,"s:42:6:42:Infinity":2,"f:42:24:42:30":0,"s:42:30:42:81":3,"s:44:6:55:Infinity":4,"f:44:27:44:34":1,"s:44:34:55:2":5,"f:46:31:46:38":2,"s:46:38:54:4":6,"b:48:21:48:44:48:44:50:Infinity":0,"b:49:8:49:Infinity:50:8:50:Infinity":1,"b:51:17:51:35:51:35:51:Infinity":2,"b:52:17:52:35:52:35:52:Infinity":3,"b:53:18:53:37:53:37:53:Infinity":4,"s:57:6:90:Infinity":7,"f:57:30:57:37":3,"s:57:37:90:2":8,"b:60:32:60:47:60:47:60:Infinity":5,"b:62:73:62:85:62:85:62:96":6,"b:63:25:63:129:63:129:63:Infinity":7,"b:63:83:63:95:63:95:63:106":8,"b:65:38:65:50:65:50:65:Infinity":9,"b:66:33:66:45:66:45:66:Infinity":10,"b:67:32:67:44:67:44:67:Infinity":11,"b:68:34:68:46:68:46:68:Infinity":12,"b:75:36:75:63:75:63:75:82":13,"b:76:37:76:49:76:49:76:60":14,"b:78:28:78:113:78:113:78:Infinity":15,"b:78:87:78:99:78:99:78:109":16,"b:81:36:81:63:81:63:81:82":17,"b:82:37:82:49:82:49:82:60":18,"b:85:28:85:113:85:113:85:Infinity":19,"b:85:87:85:99:85:99:85:109":20,"f:92:9:92:21":4,"s:93:17:93:Infinity":9,"b:94:2:97:Infinity:undefined:undefined:undefined:undefined":21,"s:94:2:97:Infinity":10,"s:95:16:95:Infinity":11,"s:96:4:96:Infinity":12,"s:100:13:100:Infinity":13,"s:104:2:105:74":14},"fnNames":{}}}
,"/home/adrie/projects/Rastro/frontend/src/components/charts/DoughnutChart.vue": {"path":"/home/adrie/projects/Rastro/frontend/src/components/charts/DoughnutChart.vue","statementMap":{"0":{"start":{"line":6,"column":0},"end":{"line":6,"column":null}},"1":{"start":{"line":18,"column":14},"end":{"line":18,"column":null}},"2":{"start":{"line":24,"column":6},"end":{"line":24,"column":null}},"3":{"start":{"line":24,"column":30},"end":{"line":24,"column":81}},"4":{"start":{"line":26,"column":6},"end":{"line":30,"column":null}},"5":{"start":{"line":26,"column":37},"end":{"line":30,"column":1}},"6":{"start":{"line":32,"column":6},"end":{"line":41,"column":null}},"7":{"start":{"line":32,"column":34},"end":{"line":41,"column":2}},"8":{"start":{"line":43,"column":6},"end":{"line":83,"column":null}},"9":{"start":{"line":43,"column":37},"end":{"line":83,"column":2}},"10":{"start":{"line":75,"column":24},"end":{"line":75,"column":null}},"11":{"start":{"line":75,"column":74},"end":{"line":75,"column":81}},"12":{"start":{"line":76,"column":16},"end":{"line":76,"column":null}},"13":{"start":{"line":77,"column":10},"end":{"line":77,"column":null}},"14":{"start":{"line":85,"column":13},"end":{"line":85,"column":null}},"15":{"start":{"line":88,"column":17},"end":{"line":88,"column":null}},"16":{"start":{"line":89,"column":2},"end":{"line":92,"column":null}},"17":{"start":{"line":90,"column":16},"end":{"line":90,"column":null}},"18":{"start":{"line":91,"column":4},"end":{"line":91,"column":null}},"19":{"start":{"line":98,"column":9},"end":{"line":98,"column":null}},"20":{"start":{"line":97,"column":2},"end":{"line":99,"column":81}}},"fnMap":{"0":{"name":"(anonymous_0)","decl":{"start":{"line":24,"column":24},"end":{"line":24,"column":30}},"loc":{"start":{"line":24,"column":30},"end":{"line":24,"column":81}},"line":24},"1":{"name":"(anonymous_1)","decl":{"start":{"line":26,"column":31},"end":{"line":26,"column":37}},"loc":{"start":{"line":26,"column":37},"end":{"line":30,"column":1}},"line":26},"2":{"name":"(anonymous_2)","decl":{"start":{"line":32,"column":27},"end":{"line":32,"column":34}},"loc":{"start":{"line":32,"column":34},"end":{"line":41,"column":2}},"line":32},"3":{"name":"(anonymous_3)","decl":{"start":{"line":43,"column":30},"end":{"line":43,"column":37}},"loc":{"start":{"line":43,"column":37},"end":{"line":83,"column":2}},"line":43},"4":{"name":"(anonymous_4)","decl":{"start":{"line":74,"column":15},"end":{"line":74,"column":16}},"loc":{"start":{"line":74,"column":29},"end":{"line":78,"column":null}},"line":74},"5":{"name":"(anonymous_5)","decl":{"start":{"line":75,"column":48},"end":{"line":75,"column":49}},"loc":{"start":{"line":75,"column":74},"end":{"line":75,"column":81}},"line":75},"6":{"name":"handleClick","decl":{"start":{"line":87,"column":9},"end":{"line":87,"column":21}},"loc":{"start":{"line":87,"column":29},"end":{"line":93,"column":null}},"line":87}},"branchMap":{"0":{"loc":{"start":{"line":36,"column":21},"end":{"line":36,"column":null}},"type":"binary-expr","locations":[{"start":{"line":36,"column":21},"end":{"line":36,"column":37}},{"start":{"line":36,"column":37},"end":{"line":36,"column":null}}],"line":36},"1":{"loc":{"start":{"line":37,"column":17},"end":{"line":37,"column":null}},"type":"cond-expr","locations":[{"start":{"line":37,"column":32},"end":{"line":37,"column":44}},{"start":{"line":37,"column":44},"end":{"line":37,"column":null}}],"line":37},"2":{"loc":{"start":{"line":52,"column":15},"end":{"line":52,"column":null}},"type":"cond-expr","locations":[{"start":{"line":52,"column":30},"end":{"line":52,"column":42}},{"start":{"line":52,"column":42},"end":{"line":52,"column":null}}],"line":52},"3":{"loc":{"start":{"line":59,"column":11},"end":{"line":65,"column":null}},"type":"cond-expr","locations":[{"start":{"line":59,"column":25},"end":{"line":65,"column":8}},{"start":{"line":65,"column":8},"end":{"line":65,"column":null}}],"line":59},"4":{"loc":{"start":{"line":62,"column":13},"end":{"line":62,"column":null}},"type":"cond-expr","locations":[{"start":{"line":62,"column":28},"end":{"line":62,"column":40}},{"start":{"line":62,"column":40},"end":{"line":62,"column":null}}],"line":62},"5":{"loc":{"start":{"line":67,"column":23},"end":{"line":67,"column":null}},"type":"cond-expr","locations":[{"start":{"line":67,"column":38},"end":{"line":67,"column":50}},{"start":{"line":67,"column":50},"end":{"line":67,"column":null}}],"line":67},"6":{"loc":{"start":{"line":68,"column":18},"end":{"line":68,"column":null}},"type":"cond-expr","locations":[{"start":{"line":68,"column":33},"end":{"line":68,"column":45}},{"start":{"line":68,"column":45},"end":{"line":68,"column":null}}],"line":68},"7":{"loc":{"start":{"line":69,"column":17},"end":{"line":69,"column":null}},"type":"cond-expr","locations":[{"start":{"line":69,"column":32},"end":{"line":69,"column":44}},{"start":{"line":69,"column":44},"end":{"line":69,"column":null}}],"line":69},"8":{"loc":{"start":{"line":70,"column":19},"end":{"line":70,"column":null}},"type":"cond-expr","locations":[{"start":{"line":70,"column":34},"end":{"line":70,"column":46}},{"start":{"line":70,"column":46},"end":{"line":70,"column":null}}],"line":70},"9":{"loc":{"start":{"line":89,"column":2},"end":{"line":92,"column":null}},"type":"if","locations":[{"start":{"line":89,"column":2},"end":{"line":92,"column":null}},{"start":{},"end":{}}],"line":89}},"s":{"0":0,"1":0,"2":0,"3":0,"4":0,"5":0,"6":0,"7":0,"8":0,"9":0,"10":0,"11":0,"12":0,"13":0,"14":0,"15":0,"16":0,"17":0,"18":0,"19":2,"20":0},"f":{"0":0,"1":0,"2":0,"3":0,"4":0,"5":0,"6":0},"b":{"0":[0,0],"1":[0,0],"2":[0,0],"3":[0,0],"4":[0,0],"5":[0,0],"6":[0,0],"7":[0,0],"8":[0,0],"9":[0,0]},"meta":{"lastBranch":10,"lastFunction":7,"lastStatement":21,"seen":{"s:6:0:6:Infinity":0,"s:18:14:18:Infinity":1,"s:24:6:24:Infinity":2,"f:24:24:24:30":0,"s:24:30:24:81":3,"s:26:6:30:Infinity":4,"f:26:31:26:37":1,"s:26:37:30:1":5,"s:32:6:41:Infinity":6,"f:32:27:32:34":2,"s:32:34:41:2":7,"b:36:21:36:37:36:37:36:Infinity":0,"b:37:32:37:44:37:44:37:Infinity":1,"s:43:6:83:Infinity":8,"f:43:30:43:37":3,"s:43:37:83:2":9,"b:52:30:52:42:52:42:52:Infinity":2,"b:59:25:65:8:65:8:65:Infinity":3,"b:62:28:62:40:62:40:62:Infinity":4,"b:67:38:67:50:67:50:67:Infinity":5,"b:68:33:68:45:68:45:68:Infinity":6,"b:69:32:69:44:69:44:69:Infinity":7,"b:70:34:70:46:70:46:70:Infinity":8,"f:74:15:74:16":4,"s:75:24:75:Infinity":10,"f:75:48:75:49":5,"s:75:74:75:81":11,"s:76:16:76:Infinity":12,"s:77:10:77:Infinity":13,"s:85:13:85:Infinity":14,"f:87:9:87:21":6,"s:88:17:88:Infinity":15,"b:89:2:92:Infinity:undefined:undefined:undefined:undefined":9,"s:89:2:92:Infinity":16,"s:90:16:90:Infinity":17,"s:91:4:91:Infinity":18,"s:98:9:98:Infinity":19,"s:97:2:99:81":20},"fnNames":{}}}
,"/home/adrie/projects/Rastro/frontend/src/components/charts/LineChart.vue": {"path":"/home/adrie/projects/Rastro/frontend/src/components/charts/LineChart.vue","statementMap":{"0":{"start":{"line":9,"column":0},"end":{"line":9,"column":null}},"1":{"start":{"line":32,"column":14},"end":{"line":32,"column":null}},"2":{"start":{"line":38,"column":6},"end":{"line":38,"column":null}},"3":{"start":{"line":38,"column":30},"end":{"line":38,"column":81}},"4":{"start":{"line":40,"column":6},"end":{"line":57,"column":null}},"5":{"start":{"line":40,"column":34},"end":{"line":57,"column":2}},"6":{"start":{"line":43,"column":19},"end":{"line":43,"column":null}},"7":{"start":{"line":44,"column":24},"end":{"line":44,"column":null}},"8":{"start":{"line":45,"column":4},"end":{"line":55,"column":null}},"9":{"start":{"line":59,"column":6},"end":{"line":91,"column":null}},"10":{"start":{"line":59,"column":37},"end":{"line":91,"column":2}},"11":{"start":{"line":93,"column":13},"end":{"line":93,"column":null}},"12":{"start":{"line":96,"column":17},"end":{"line":96,"column":null}},"13":{"start":{"line":97,"column":2},"end":{"line":100,"column":null}},"14":{"start":{"line":98,"column":16},"end":{"line":98,"column":null}},"15":{"start":{"line":99,"column":4},"end":{"line":99,"column":null}},"16":{"start":{"line":105,"column":2},"end":{"line":106,"column":75}}},"fnMap":{"0":{"name":"(anonymous_0)","decl":{"start":{"line":38,"column":24},"end":{"line":38,"column":30}},"loc":{"start":{"line":38,"column":30},"end":{"line":38,"column":81}},"line":38},"1":{"name":"(anonymous_1)","decl":{"start":{"line":40,"column":27},"end":{"line":40,"column":34}},"loc":{"start":{"line":40,"column":34},"end":{"line":57,"column":2}},"line":40},"2":{"name":"(anonymous_2)","decl":{"start":{"line":42,"column":31},"end":{"line":42,"column":32}},"loc":{"start":{"line":42,"column":42},"end":{"line":56,"column":3}},"line":42},"3":{"name":"(anonymous_3)","decl":{"start":{"line":59,"column":30},"end":{"line":59,"column":37}},"loc":{"start":{"line":59,"column":37},"end":{"line":91,"column":2}},"line":59},"4":{"name":"handleClick","decl":{"start":{"line":95,"column":9},"end":{"line":95,"column":21}},"loc":{"start":{"line":95,"column":29},"end":{"line":101,"column":null}},"line":95}},"branchMap":{"0":{"loc":{"start":{"line":44,"column":24},"end":{"line":44,"column":null}},"type":"binary-expr","locations":[{"start":{"line":44,"column":24},"end":{"line":44,"column":42}},{"start":{"line":44,"column":42},"end":{"line":44,"column":null}}],"line":44},"1":{"loc":{"start":{"line":48,"column":23},"end":{"line":50,"column":null}},"type":"binary-expr","locations":[{"start":{"line":48,"column":23},"end":{"line":48,"column":46}},{"start":{"line":48,"column":46},"end":{"line":50,"column":null}}],"line":48},"2":{"loc":{"start":{"line":48,"column":46},"end":{"line":50,"column":null}},"type":"cond-expr","locations":[{"start":{"line":49,"column":11},"end":{"line":49,"column":null}},{"start":{"line":50,"column":10},"end":{"line":50,"column":null}}],"line":48},"3":{"loc":{"start":{"line":49,"column":11},"end":{"line":49,"column":null}},"type":"cond-expr","locations":[{"start":{"line":49,"column":26},"end":{"line":49,"column":47}},{"start":{"line":49,"column":47},"end":{"line":49,"column":null}}],"line":49},"4":{"loc":{"start":{"line":51,"column":12},"end":{"line":51,"column":null}},"type":"binary-expr","locations":[{"start":{"line":51,"column":12},"end":{"line":51,"column":23}},{"start":{"line":51,"column":23},"end":{"line":51,"column":null}}],"line":51},"5":{"loc":{"start":{"line":52,"column":15},"end":{"line":52,"column":null}},"type":"binary-expr","locations":[{"start":{"line":52,"column":15},"end":{"line":52,"column":29}},{"start":{"line":52,"column":29},"end":{"line":52,"column":null}}],"line":52},"6":{"loc":{"start":{"line":53,"column":19},"end":{"line":53,"column":null}},"type":"binary-expr","locations":[{"start":{"line":53,"column":19},"end":{"line":53,"column":38}},{"start":{"line":53,"column":38},"end":{"line":53,"column":null}}],"line":53},"7":{"loc":{"start":{"line":53,"column":38},"end":{"line":53,"column":null}},"type":"cond-expr","locations":[{"start":{"line":53,"column":51},"end":{"line":53,"column":55}},{"start":{"line":53,"column":55},"end":{"line":53,"column":null}}],"line":53},"8":{"loc":{"start":{"line":63,"column":58},"end":{"line":63,"column":96}},"type":"cond-expr","locations":[{"start":{"line":63,"column":73},"end":{"line":63,"column":85}},{"start":{"line":63,"column":85},"end":{"line":63,"column":96}}],"line":63},"9":{"loc":{"start":{"line":64,"column":11},"end":{"line":64,"column":null}},"type":"cond-expr","locations":[{"start":{"line":64,"column":25},"end":{"line":64,"column":129}},{"start":{"line":64,"column":129},"end":{"line":64,"column":null}}],"line":64},"10":{"loc":{"start":{"line":64,"column":68},"end":{"line":64,"column":106}},"type":"cond-expr","locations":[{"start":{"line":64,"column":83},"end":{"line":64,"column":95}},{"start":{"line":64,"column":95},"end":{"line":64,"column":106}}],"line":64},"11":{"loc":{"start":{"line":66,"column":23},"end":{"line":66,"column":null}},"type":"cond-expr","locations":[{"start":{"line":66,"column":38},"end":{"line":66,"column":50}},{"start":{"line":66,"column":50},"end":{"line":66,"column":null}}],"line":66},"12":{"loc":{"start":{"line":67,"column":18},"end":{"line":67,"column":null}},"type":"cond-expr","locations":[{"start":{"line":67,"column":33},"end":{"line":67,"column":45}},{"start":{"line":67,"column":45},"end":{"line":67,"column":null}}],"line":67},"13":{"loc":{"start":{"line":68,"column":17},"end":{"line":68,"column":null}},"type":"cond-expr","locations":[{"start":{"line":68,"column":32},"end":{"line":68,"column":44}},{"start":{"line":68,"column":44},"end":{"line":68,"column":null}}],"line":68},"14":{"loc":{"start":{"line":69,"column":19},"end":{"line":69,"column":null}},"type":"cond-expr","locations":[{"start":{"line":69,"column":34},"end":{"line":69,"column":46}},{"start":{"line":69,"column":46},"end":{"line":69,"column":null}}],"line":69},"15":{"loc":{"start":{"line":78,"column":21},"end":{"line":78,"column":82}},"type":"cond-expr","locations":[{"start":{"line":78,"column":36},"end":{"line":78,"column":63}},{"start":{"line":78,"column":63},"end":{"line":78,"column":82}}],"line":78},"16":{"loc":{"start":{"line":79,"column":22},"end":{"line":79,"column":60}},"type":"cond-expr","locations":[{"start":{"line":79,"column":37},"end":{"line":79,"column":49}},{"start":{"line":79,"column":49},"end":{"line":79,"column":60}}],"line":79},"17":{"loc":{"start":{"line":80,"column":13},"end":{"line":80,"column":null}},"type":"cond-expr","locations":[{"start":{"line":80,"column":28},"end":{"line":80,"column":113}},{"start":{"line":80,"column":113},"end":{"line":80,"column":null}}],"line":80},"18":{"loc":{"start":{"line":80,"column":72},"end":{"line":80,"column":109}},"type":"cond-expr","locations":[{"start":{"line":80,"column":87},"end":{"line":80,"column":99}},{"start":{"line":80,"column":99},"end":{"line":80,"column":109}}],"line":80},"19":{"loc":{"start":{"line":83,"column":21},"end":{"line":83,"column":82}},"type":"cond-expr","locations":[{"start":{"line":83,"column":36},"end":{"line":83,"column":63}},{"start":{"line":83,"column":63},"end":{"line":83,"column":82}}],"line":83},"20":{"loc":{"start":{"line":84,"column":22},"end":{"line":84,"column":60}},"type":"cond-expr","locations":[{"start":{"line":84,"column":37},"end":{"line":84,"column":49}},{"start":{"line":84,"column":49},"end":{"line":84,"column":60}}],"line":84},"21":{"loc":{"start":{"line":86,"column":13},"end":{"line":86,"column":null}},"type":"cond-expr","locations":[{"start":{"line":86,"column":28},"end":{"line":86,"column":113}},{"start":{"line":86,"column":113},"end":{"line":86,"column":null}}],"line":86},"22":{"loc":{"start":{"line":86,"column":72},"end":{"line":86,"column":109}},"type":"cond-expr","locations":[{"start":{"line":86,"column":87},"end":{"line":86,"column":99}},{"start":{"line":86,"column":99},"end":{"line":86,"column":109}}],"line":86},"23":{"loc":{"start":{"line":97,"column":2},"end":{"line":100,"column":null}},"type":"if","locations":[{"start":{"line":97,"column":2},"end":{"line":100,"column":null}},{"start":{},"end":{}}],"line":97}},"s":{"0":0,"1":0,"2":0,"3":0,"4":0,"5":0,"6":0,"7":0,"8":0,"9":0,"10":0,"11":0,"12":0,"13":0,"14":0,"15":0,"16":0},"f":{"0":0,"1":0,"2":0,"3":0,"4":0},"b":{"0":[0,0],"1":[0,0],"2":[0,0],"3":[0,0],"4":[0,0],"5":[0,0],"6":[0,0],"7":[0,0],"8":[0,0],"9":[0,0],"10":[0,0],"11":[0,0],"12":[0,0],"13":[0,0],"14":[0,0],"15":[0,0],"16":[0,0],"17":[0,0],"18":[0,0],"19":[0,0],"20":[0,0],"21":[0,0],"22":[0,0],"23":[0,0]},"meta":{"lastBranch":24,"lastFunction":5,"lastStatement":17,"seen":{"s:9:0:9:Infinity":0,"s:32:14:32:Infinity":1,"s:38:6:38:Infinity":2,"f:38:24:38:30":0,"s:38:30:38:81":3,"s:40:6:57:Infinity":4,"f:40:27:40:34":1,"s:40:34:57:2":5,"f:42:31:42:32":2,"s:43:19:43:Infinity":6,"s:44:24:44:Infinity":7,"b:44:24:44:42:44:42:44:Infinity":0,"s:45:4:55:Infinity":8,"b:48:23:48:46:48:46:50:Infinity":1,"b:49:11:49:Infinity:50:10:50:Infinity":2,"b:49:26:49:47:49:47:49:Infinity":3,"b:51:12:51:23:51:23:51:Infinity":4,"b:52:15:52:29:52:29:52:Infinity":5,"b:53:19:53:38:53:38:53:Infinity":6,"b:53:51:53:55:53:55:53:Infinity":7,"s:59:6:91:Infinity":9,"f:59:30:59:37":3,"s:59:37:91:2":10,"b:63:73:63:85:63:85:63:96":8,"b:64:25:64:129:64:129:64:Infinity":9,"b:64:83:64:95:64:95:64:106":10,"b:66:38:66:50:66:50:66:Infinity":11,"b:67:33:67:45:67:45:67:Infinity":12,"b:68:32:68:44:68:44:68:Infinity":13,"b:69:34:69:46:69:46:69:Infinity":14,"b:78:36:78:63:78:63:78:82":15,"b:79:37:79:49:79:49:79:60":16,"b:80:28:80:113:80:113:80:Infinity":17,"b:80:87:80:99:80:99:80:109":18,"b:83:36:83:63:83:63:83:82":19,"b:84:37:84:49:84:49:84:60":20,"b:86:28:86:113:86:113:86:Infinity":21,"b:86:87:86:99:86:99:86:109":22,"s:93:13:93:Infinity":11,"f:95:9:95:21":4,"s:96:17:96:Infinity":12,"b:97:2:100:Infinity:undefined:undefined:undefined:undefined":23,"s:97:2:100:Infinity":13,"s:98:16:98:Infinity":14,"s:99:4:99:Infinity":15,"s:105:2:106:75":16},"fnNames":{}}}
,"/home/adrie/projects/Rastro/frontend/src/components/charts/index.ts": {"path":"/home/adrie/projects/Rastro/frontend/src/components/charts/index.ts","statementMap":{},"fnMap":{},"branchMap":{},"s":{},"f":{},"b":{},"meta":{"lastBranch":0,"lastFunction":0,"lastStatement":0,"seen":{},"fnNames":{}}}
,"/home/adrie/projects/Rastro/frontend/src/components/onboarding/OnboardingWizard.vue": {"path":"/home/adrie/projects/Rastro/frontend/src/components/onboarding/OnboardingWizard.vue","statementMap":{"0":{"start":{"line":14,"column":14},"end":{"line":14,"column":null}},"1":{"start":{"line":15,"column":13},"end":{"line":15,"column":null}},"2":{"start":{"line":17,"column":6},"end":{"line":17,"column":null}},"3":{"start":{"line":18,"column":6},"end":{"line":18,"column":null}},"4":{"start":{"line":20,"column":6},"end":{"line":20,"column":null}},"5":{"start":{"line":21,"column":14},"end":{"line":27,"column":null}},"6":{"start":{"line":28,"column":19},"end":{"line":28,"column":null}},"7":{"start":{"line":30,"column":6},"end":{"line":30,"column":null}},"8":{"start":{"line":31,"column":6},"end":{"line":31,"column":null}},"9":{"start":{"line":32,"column":6},"end":{"line":32,"column":null}},"10":{"start":{"line":34,"column":6},"end":{"line":34,"column":null}},"11":{"start":{"line":36,"column":6},"end":{"line":36,"column":null}},"12":{"start":{"line":37,"column":6},"end":{"line":37,"column":null}},"13":{"start":{"line":38,"column":6},"end":{"line":38,"column":null}},"14":{"start":{"line":39,"column":6},"end":{"line":39,"column":null}},"15":{"start":{"line":40,"column":6},"end":{"line":40,"column":null}},"16":{"start":{"line":41,"column":6},"end":{"line":41,"column":null}},"17":{"start":{"line":43,"column":6},"end":{"line":43,"column":null}},"18":{"start":{"line":45,"column":6},"end":{"line":49,"column":null}},"19":{"start":{"line":51,"column":6},"end":{"line":51,"column":null}},"20":{"start":{"line":51,"column":32},"end":{"line":51,"column":81}},"21":{"start":{"line":54,"column":2},"end":{"line":54,"column":null}},"22":{"start":{"line":58,"column":2},"end":{"line":62,"column":null}},"23":{"start":{"line":59,"column":4},"end":{"line":59,"column":null}},"24":{"start":{"line":60,"column":4},"end":{"line":60,"column":null}},"25":{"start":{"line":60,"column":21},"end":{"line":60,"column":48}},"26":{"start":{"line":61,"column":4},"end":{"line":61,"column":null}},"27":{"start":{"line":63,"column":2},"end":{"line":63,"column":null}},"28":{"start":{"line":64,"column":2},"end":{"line":64,"column":null}},"29":{"start":{"line":65,"column":2},"end":{"line":65,"column":null}},"30":{"start":{"line":69,"column":2},"end":{"line":69,"column":null}},"31":{"start":{"line":70,"column":2},"end":{"line":70,"column":null}},"32":{"start":{"line":71,"column":2},"end":{"line":93,"column":null}},"33":{"start":{"line":72,"column":4},"end":{"line":72,"column":null}},"34":{"start":{"line":73,"column":4},"end":{"line":80,"column":null}},"35":{"start":{"line":81,"column":4},"end":{"line":85,"column":null}},"36":{"start":{"line":86,"column":4},"end":{"line":86,"column":null}},"37":{"start":{"line":87,"column":4},"end":{"line":87,"column":null}},"38":{"start":{"line":88,"column":4},"end":{"line":88,"column":null}},"39":{"start":{"line":90,"column":4},"end":{"line":90,"column":null}},"40":{"start":{"line":92,"column":4},"end":{"line":92,"column":null}},"41":{"start":{"line":97,"column":2},"end":{"line":97,"column":null}},"42":{"start":{"line":97,"column":35},"end":{"line":97,"column":null}},"43":{"start":{"line":101,"column":2},"end":{"line":101,"column":null}},"44":{"start":{"line":101,"column":22},"end":{"line":101,"column":null}},"45":{"start":{"line":104,"column":0},"end":{"line":109,"column":null}},"46":{"start":{"line":104,"column":12},"end":{"line":104,"column":24}},"47":{"start":{"line":105,"column":2},"end":{"line":108,"column":null}},"48":{"start":{"line":106,"column":4},"end":{"line":106,"column":null}},"49":{"start":{"line":107,"column":4},"end":{"line":107,"column":null}},"50":{"start":{"line":118,"column":13},"end":{"line":118,"column":null}},"51":{"start":{"line":119,"column":15},"end":{"line":119,"column":null}},"52":{"start":{"line":121,"column":17},"end":{"line":121,"column":null}},"53":{"start":{"line":122,"column":19},"end":{"line":122,"column":null}},"54":{"start":{"line":126,"column":19},"end":{"line":126,"column":null}},"55":{"start":{"line":127,"column":22},"end":{"line":127,"column":77}},"56":{"start":{"line":128,"column":21},"end":{"line":128,"column":null}},"57":{"start":{"line":136,"column":17},"end":{"line":136,"column":null}},"58":{"start":{"line":145,"column":22},"end":{"line":145,"column":50}},"59":{"start":{"line":150,"column":17},"end":{"line":150,"column":null}},"60":{"start":{"line":153,"column":21},"end":{"line":153,"column":null}},"61":{"start":{"line":154,"column":23},"end":{"line":154,"column":null}},"62":{"start":{"line":186,"column":27},"end":{"line":186,"column":135}},"63":{"start":{"line":211,"column":24},"end":{"line":211,"column":79}},"64":{"start":{"line":227,"column":24},"end":{"line":227,"column":95}},"65":{"start":{"line":245,"column":25},"end":{"line":245,"column":111}},"66":{"start":{"line":257,"column":21},"end":{"line":257,"column":null}},"67":{"start":{"line":264,"column":21},"end":{"line":264,"column":null}},"68":{"start":{"line":271,"column":24},"end":{"line":271,"column":57}},"69":{"start":{"line":277,"column":17},"end":{"line":277,"column":null}},"70":{"start":{"line":278,"column":19},"end":{"line":278,"column":null}},"71":{"start":{"line":283,"column":19},"end":{"line":283,"column":null}},"72":{"start":{"line":113,"column":2},"end":{"line":292,"column":25}},"73":{"start":{"line":297,"column":12},"end":{"line":292,"column":25}},"74":{"start":{"line":137,"column":14},"end":{"line":145,"column":67}},"75":{"start":{"line":140,"column":24},"end":{"line":140,"column":null}},"76":{"start":{"line":165,"column":29},"end":{"line":165,"column":null}},"77":{"start":{"line":177,"column":35},"end":{"line":177,"column":47}},"78":{"start":{"line":187,"column":277},"end":{"line":187,"column":277}},"79":{"start":{"line":189,"column":36},"end":{"line":189,"column":48}},"80":{"start":{"line":193,"column":36},"end":{"line":193,"column":49}},"81":{"start":{"line":199,"column":36},"end":{"line":199,"column":47}},"82":{"start":{"line":205,"column":36},"end":{"line":205,"column":47}},"83":{"start":{"line":210,"column":41},"end":{"line":210,"column":46}},"84":{"start":{"line":219,"column":16},"end":{"line":229,"column":null}},"85":{"start":{"line":229,"column":29},"end":{"line":229,"column":null}},"86":{"start":{"line":240,"column":16},"end":{"line":247,"column":null}},"87":{"start":{"line":247,"column":29},"end":{"line":247,"column":null}},"88":{"start":{"line":266,"column":53},"end":{"line":267,"column":26}},"89":{"start":{"line":280,"column":56},"end":{"line":281,"column":25}},"90":{"start":{"line":285,"column":58},"end":{"line":285,"column":null}},"91":{"start":{"line":288,"column":28},"end":{"line":288,"column":67}},"92":{"start":{"line":291,"column":55},"end":{"line":292,"column":25}}},"fnMap":{"0":{"name":"(anonymous_0)","decl":{"start":{"line":51,"column":26},"end":{"line":51,"column":32}},"loc":{"start":{"line":51,"column":32},"end":{"line":51,"column":81}},"line":51},"1":{"name":"close","decl":{"start":{"line":53,"column":9},"end":{"line":53,"column":17}},"loc":{"start":{"line":53,"column":17},"end":{"line":55,"column":null}},"line":53},"2":{"name":"skip","decl":{"start":{"line":57,"column":9},"end":{"line":57,"column":16}},"loc":{"start":{"line":57,"column":16},"end":{"line":66,"column":null}},"line":57},"3":{"name":"(anonymous_3)","decl":{"start":{"line":60,"column":15},"end":{"line":60,"column":21}},"loc":{"start":{"line":60,"column":21},"end":{"line":60,"column":48}},"line":60},"4":{"name":"finish","decl":{"start":{"line":68,"column":17},"end":{"line":68,"column":26}},"loc":{"start":{"line":68,"column":26},"end":{"line":94,"column":null}},"line":68},"5":{"name":"next","decl":{"start":{"line":96,"column":9},"end":{"line":96,"column":16}},"loc":{"start":{"line":96,"column":16},"end":{"line":98,"column":null}},"line":96},"6":{"name":"prev","decl":{"start":{"line":100,"column":9},"end":{"line":100,"column":16}},"loc":{"start":{"line":100,"column":16},"end":{"line":102,"column":null}},"line":100},"7":{"name":"(anonymous_7)","decl":{"start":{"line":104,"column":6},"end":{"line":104,"column":12}},"loc":{"start":{"line":104,"column":12},"end":{"line":104,"column":24}},"line":104},"8":{"name":"(anonymous_8)","decl":{"start":{"line":104,"column":24},"end":{"line":104,"column":25}},"loc":{"start":{"line":104,"column":31},"end":{"line":109,"column":1}},"line":104},"9":{"name":"(anonymous_9)","decl":{"start":{"line":115,"column":6},"end":{"line":115,"column":17}},"loc":{"start":{"line":297,"column":12},"end":{"line":292,"column":25}},"line":297},"10":{"name":"(anonymous_10)","decl":{"start":{"line":138,"column":38},"end":{"line":138,"column":null}},"loc":{"start":{"line":138,"column":28},"end":{"line":145,"column":67}},"line":138},"11":{"name":"(anonymous_11)","decl":{"start":{"line":140,"column":22},"end":{"line":140,"column":24}},"loc":{"start":{"line":140,"column":24},"end":{"line":140,"column":null}},"line":140},"12":{"name":"(anonymous_12)","decl":{"start":{"line":168,"column":20},"end":{"line":168,"column":null}},"loc":{"start":{"line":165,"column":29},"end":{"line":165,"column":null}},"line":165},"13":{"name":"(anonymous_13)","decl":{"start":{"line":182,"column":27},"end":{"line":182,"column":null}},"loc":{"start":{"line":177,"column":35},"end":{"line":177,"column":47}},"line":177},"14":{"name":"(anonymous_14)","decl":{"start":{"line":187,"column":126},"end":{"line":187,"column":132}},"loc":{"start":{"line":187,"column":277},"end":{"line":187,"column":277}},"line":187},"15":{"name":"(anonymous_15)","decl":{"start":{"line":189,"column":205},"end":{"line":189,"column":null}},"loc":{"start":{"line":189,"column":36},"end":{"line":189,"column":48}},"line":189},"16":{"name":"(anonymous_16)","decl":{"start":{"line":193,"column":206},"end":{"line":193,"column":null}},"loc":{"start":{"line":193,"column":36},"end":{"line":193,"column":49}},"line":193},"17":{"name":"(anonymous_17)","decl":{"start":{"line":199,"column":220},"end":{"line":199,"column":null}},"loc":{"start":{"line":199,"column":36},"end":{"line":199,"column":47}},"line":199},"18":{"name":"(anonymous_18)","decl":{"start":{"line":205,"column":220},"end":{"line":205,"column":null}},"loc":{"start":{"line":205,"column":36},"end":{"line":205,"column":47}},"line":205},"19":{"name":"(anonymous_19)","decl":{"start":{"line":210,"column":119},"end":{"line":210,"column":null}},"loc":{"start":{"line":210,"column":41},"end":{"line":210,"column":46}},"line":210},"20":{"name":"(anonymous_20)","decl":{"start":{"line":226,"column":17},"end":{"line":226,"column":20}},"loc":{"start":{"line":219,"column":31},"end":{"line":229,"column":null}},"line":219},"21":{"name":"(anonymous_21)","decl":{"start":{"line":233,"column":20},"end":{"line":233,"column":null}},"loc":{"start":{"line":229,"column":29},"end":{"line":229,"column":null}},"line":229},"22":{"name":"(anonymous_22)","decl":{"start":{"line":244,"column":17},"end":{"line":244,"column":20}},"loc":{"start":{"line":240,"column":29},"end":{"line":247,"column":null}},"line":240},"23":{"name":"(anonymous_23)","decl":{"start":{"line":251,"column":20},"end":{"line":251,"column":null}},"loc":{"start":{"line":247,"column":29},"end":{"line":247,"column":null}},"line":247},"24":{"name":"(anonymous_24)","decl":{"start":{"line":266,"column":20},"end":{"line":266,"column":30}},"loc":{"start":{"line":266,"column":53},"end":{"line":267,"column":26}},"line":266},"25":{"name":"(anonymous_25)","decl":{"start":{"line":280,"column":18},"end":{"line":280,"column":29}},"loc":{"start":{"line":280,"column":56},"end":{"line":281,"column":25}},"line":280},"26":{"name":"(anonymous_26)","decl":{"start":{"line":285,"column":18},"end":{"line":285,"column":31}},"loc":{"start":{"line":285,"column":58},"end":{"line":285,"column":null}},"line":285},"27":{"name":"(anonymous_27)","decl":{"start":{"line":287,"column":77},"end":{"line":287,"column":null}},"loc":{"start":{"line":288,"column":28},"end":{"line":288,"column":67}},"line":288},"28":{"name":"(anonymous_28)","decl":{"start":{"line":291,"column":18},"end":{"line":291,"column":32}},"loc":{"start":{"line":291,"column":55},"end":{"line":292,"column":25}},"line":291}},"branchMap":{"0":{"loc":{"start":{"line":58,"column":2},"end":{"line":62,"column":null}},"type":"if","locations":[{"start":{"line":58,"column":2},"end":{"line":62,"column":null}},{"start":{},"end":{}}],"line":58},"1":{"loc":{"start":{"line":90,"column":21},"end":{"line":90,"column":null}},"type":"binary-expr","locations":[{"start":{"line":90,"column":21},"end":{"line":90,"column":35}},{"start":{"line":90,"column":35},"end":{"line":90,"column":null}}],"line":90},"2":{"loc":{"start":{"line":97,"column":2},"end":{"line":97,"column":null}},"type":"if","locations":[{"start":{"line":97,"column":2},"end":{"line":97,"column":null}},{"start":{},"end":{}}],"line":97},"3":{"loc":{"start":{"line":101,"column":2},"end":{"line":101,"column":null}},"type":"if","locations":[{"start":{"line":101,"column":2},"end":{"line":101,"column":null}},{"start":{},"end":{}}],"line":101},"4":{"loc":{"start":{"line":105,"column":2},"end":{"line":108,"column":null}},"type":"if","locations":[{"start":{"line":105,"column":2},"end":{"line":108,"column":null}},{"start":{},"end":{}}],"line":105},"5":{"loc":{"start":{"line":115,"column":17},"end":{"line":292,"column":25}},"type":"cond-expr","locations":[{"start":{"line":115,"column":17},"end":{"line":292,"column":25}}],"line":115},"6":{"loc":{"start":{"line":116,"column":8},"end":{"line":116,"column":66}},"type":"binary-expr","locations":[{"start":{"line":116,"column":8},"end":{"line":116,"column":13}},{"start":{"line":116,"column":8},"end":{"line":116,"column":66}}],"line":116},"7":{"loc":{"start":{"line":123,"column":49},"end":{"line":124,"column":110}},"type":"binary-expr","locations":[{"start":{"line":123,"column":49},"end":{"line":123,"column":52}},{"start":{"line":123,"column":49},"end":{"line":124,"column":110}}],"line":123},"8":{"loc":{"start":{"line":142,"column":24},"end":{"line":142,"column":null}},"type":"cond-expr","locations":[{"start":{"line":142,"column":34},"end":{"line":142,"column":68}},{"start":{"line":142,"column":68},"end":{"line":142,"column":null}}],"line":142},"9":{"loc":{"start":{"line":142,"column":68},"end":{"line":142,"column":null}},"type":"cond-expr","locations":[{"start":{"line":142,"column":76},"end":{"line":142,"column":null}},{"start":{"line":142,"column":76},"end":{"line":142,"column":null}}],"line":142},"10":{"loc":{"start":{"line":152,"column":25},"end":{"line":165,"column":null}},"type":"cond-expr","locations":[{"start":{"line":152,"column":29},"end":{"line":165,"column":null}}],"line":152},"11":{"loc":{"start":{"line":157,"column":18},"end":{"line":157,"column":102}},"type":"binary-expr","locations":[{"start":{"line":157,"column":18},"end":{"line":157,"column":22}},{"start":{"line":157,"column":18},"end":{"line":157,"column":102}}],"line":157},"12":{"loc":{"start":{"line":157,"column":97},"end":{"line":160,"column":22}},"type":"binary-expr","locations":[{"start":{"line":157,"column":97},"end":{"line":157,"column":102}},{"start":{"line":157,"column":97},"end":{"line":160,"column":22}}],"line":157},"13":{"loc":{"start":{"line":169,"column":22},"end":{"line":163,"column":132}},"type":"binary-expr","locations":[{"start":{"line":169,"column":22},"end":{"line":169,"column":null}},{"start":{"line":169,"column":22},"end":{"line":163,"column":132}}],"line":169},"14":{"loc":{"start":{"line":168,"column":20},"end":{"line":165,"column":null}},"type":"binary-expr","locations":[{"start":{"line":168,"column":20},"end":{"line":168,"column":null}},{"start":{"line":168,"column":20},"end":{"line":165,"column":null}}],"line":168},"15":{"loc":{"start":{"line":173,"column":25},"end":{"line":211,"column":93}},"type":"cond-expr","locations":[{"start":{"line":173,"column":29},"end":{"line":211,"column":93}}],"line":173},"16":{"loc":{"start":{"line":213,"column":20},"end":{"line":174,"column":115}},"type":"binary-expr","locations":[{"start":{"line":213,"column":20},"end":{"line":213,"column":null}},{"start":{"line":213,"column":20},"end":{"line":174,"column":115}}],"line":213},"17":{"loc":{"start":{"line":183,"column":22},"end":{"line":176,"column":132}},"type":"binary-expr","locations":[{"start":{"line":183,"column":22},"end":{"line":183,"column":null}},{"start":{"line":183,"column":22},"end":{"line":176,"column":132}}],"line":183},"18":{"loc":{"start":{"line":182,"column":27},"end":{"line":177,"column":47}},"type":"binary-expr","locations":[{"start":{"line":182,"column":27},"end":{"line":182,"column":null}},{"start":{"line":182,"column":27},"end":{"line":177,"column":47}}],"line":182},"19":{"loc":{"start":{"line":184,"column":32},"end":{"line":193,"column":49}},"type":"cond-expr","locations":[{"start":{"line":184,"column":42},"end":{"line":193,"column":49}}],"line":184},"20":{"loc":{"start":{"line":188,"column":28},"end":{"line":187,"column":36}},"type":"binary-expr","locations":[{"start":{"line":188,"column":28},"end":{"line":188,"column":null}},{"start":{"line":188,"column":28},"end":{"line":187,"column":36}}],"line":188},"21":{"loc":{"start":{"line":187,"column":277},"end":{"line":187,"column":277}},"type":"binary-expr","locations":[{"start":{"line":187,"column":277},"end":{"line":187,"column":287}},{"start":{"line":187,"column":277},"end":{"line":187,"column":277}}],"line":187},"22":{"loc":{"start":{"line":189,"column":205},"end":{"line":189,"column":48}},"type":"binary-expr","locations":[{"start":{"line":189,"column":205},"end":{"line":189,"column":null}},{"start":{"line":189,"column":205},"end":{"line":189,"column":48}}],"line":189},"23":{"loc":{"start":{"line":194,"column":24},"end":{"line":192,"column":131}},"type":"binary-expr","locations":[{"start":{"line":194,"column":24},"end":{"line":194,"column":null}},{"start":{"line":194,"column":24},"end":{"line":192,"column":131}}],"line":194},"24":{"loc":{"start":{"line":193,"column":206},"end":{"line":193,"column":49}},"type":"binary-expr","locations":[{"start":{"line":193,"column":206},"end":{"line":193,"column":null}},{"start":{"line":193,"column":206},"end":{"line":193,"column":49}}],"line":193},"25":{"loc":{"start":{"line":196,"column":32},"end":{"line":199,"column":47}},"type":"cond-expr","locations":[{"start":{"line":196,"column":42},"end":{"line":199,"column":47}}],"line":196},"26":{"loc":{"start":{"line":200,"column":24},"end":{"line":198,"column":132}},"type":"binary-expr","locations":[{"start":{"line":200,"column":24},"end":{"line":200,"column":null}},{"start":{"line":200,"column":24},"end":{"line":198,"column":132}}],"line":200},"27":{"loc":{"start":{"line":199,"column":220},"end":{"line":199,"column":47}},"type":"binary-expr","locations":[{"start":{"line":199,"column":220},"end":{"line":199,"column":null}},{"start":{"line":199,"column":220},"end":{"line":199,"column":47}}],"line":199},"28":{"loc":{"start":{"line":202,"column":32},"end":{"line":205,"column":47}},"type":"cond-expr","locations":[{"start":{"line":202,"column":42},"end":{"line":205,"column":47}}],"line":202},"29":{"loc":{"start":{"line":206,"column":24},"end":{"line":204,"column":132}},"type":"binary-expr","locations":[{"start":{"line":206,"column":24},"end":{"line":206,"column":null}},{"start":{"line":206,"column":24},"end":{"line":204,"column":132}}],"line":206},"30":{"loc":{"start":{"line":205,"column":220},"end":{"line":205,"column":47}},"type":"binary-expr","locations":[{"start":{"line":205,"column":220},"end":{"line":205,"column":null}},{"start":{"line":205,"column":220},"end":{"line":205,"column":47}}],"line":205},"31":{"loc":{"start":{"line":212,"column":22},"end":{"line":209,"column":134}},"type":"binary-expr","locations":[{"start":{"line":212,"column":22},"end":{"line":212,"column":null}},{"start":{"line":212,"column":22},"end":{"line":209,"column":134}}],"line":212},"32":{"loc":{"start":{"line":210,"column":119},"end":{"line":210,"column":46}},"type":"binary-expr","locations":[{"start":{"line":210,"column":119},"end":{"line":210,"column":null}},{"start":{"line":210,"column":119},"end":{"line":210,"column":46}}],"line":210},"33":{"loc":{"start":{"line":216,"column":25},"end":{"line":229,"column":null}},"type":"cond-expr","locations":[{"start":{"line":216,"column":29},"end":{"line":229,"column":null}}],"line":216},"34":{"loc":{"start":{"line":235,"column":20},"end":{"line":217,"column":100}},"type":"binary-expr","locations":[{"start":{"line":235,"column":20},"end":{"line":235,"column":null}},{"start":{"line":235,"column":20},"end":{"line":217,"column":100}}],"line":235},"35":{"loc":{"start":{"line":217,"column":95},"end":{"line":218,"column":122}},"type":"binary-expr","locations":[{"start":{"line":217,"column":95},"end":{"line":217,"column":100}},{"start":{"line":217,"column":95},"end":{"line":218,"column":122}}],"line":217},"36":{"loc":{"start":{"line":238,"column":25},"end":{"line":247,"column":null}},"type":"cond-expr","locations":[{"start":{"line":238,"column":29},"end":{"line":247,"column":null}}],"line":238},"37":{"loc":{"start":{"line":253,"column":20},"end":{"line":239,"column":114}},"type":"binary-expr","locations":[{"start":{"line":253,"column":20},"end":{"line":253,"column":null}},{"start":{"line":253,"column":20},"end":{"line":239,"column":114}}],"line":253},"38":{"loc":{"start":{"line":256,"column":25},"end":{"line":271,"column":75}},"type":"cond-expr","locations":[{"start":{"line":256,"column":29},"end":{"line":271,"column":75}}],"line":256},"39":{"loc":{"start":{"line":260,"column":16},"end":{"line":260,"column":91}},"type":"binary-expr","locations":[{"start":{"line":260,"column":16},"end":{"line":260,"column":20}},{"start":{"line":260,"column":16},"end":{"line":260,"column":91}}],"line":260},"40":{"loc":{"start":{"line":260,"column":86},"end":{"line":263,"column":20}},"type":"binary-expr","locations":[{"start":{"line":260,"column":86},"end":{"line":260,"column":91}},{"start":{"line":260,"column":86},"end":{"line":263,"column":20}}],"line":260},"41":{"loc":{"start":{"line":266,"column":50},"end":{"line":267,"column":26}},"type":"binary-expr","locations":[{"start":{"line":266,"column":50},"end":{"line":266,"column":53}},{"start":{"line":266,"column":50},"end":{"line":267,"column":26}}],"line":266},"42":{"loc":{"start":{"line":269,"column":27},"end":{"line":271,"column":75}},"type":"cond-expr","locations":[{"start":{"line":269,"column":27},"end":{"line":271,"column":75}},{"start":{"line":271,"column":65},"end":{"line":271,"column":75}}],"line":269},"43":{"loc":{"start":{"line":279,"column":30},"end":{"line":281,"column":25}},"type":"cond-expr","locations":[{"start":{"line":279,"column":34},"end":{"line":281,"column":25}}],"line":279},"44":{"loc":{"start":{"line":280,"column":53},"end":{"line":281,"column":25}},"type":"binary-expr","locations":[{"start":{"line":280,"column":53},"end":{"line":280,"column":56}},{"start":{"line":280,"column":53},"end":{"line":281,"column":25}}],"line":280},"45":{"loc":{"start":{"line":285,"column":62},"end":{"line":285,"column":null}},"type":"cond-expr","locations":[{"start":{"line":285,"column":73},"end":{"line":285,"column":null}},{"start":{"line":285,"column":73},"end":{"line":285,"column":null}}],"line":285},"46":{"loc":{"start":{"line":287,"column":30},"end":{"line":288,"column":67}},"type":"cond-expr","locations":[{"start":{"line":287,"column":47},"end":{"line":288,"column":67}}],"line":287},"47":{"loc":{"start":{"line":288,"column":28},"end":{"line":288,"column":40}},"type":"binary-expr","locations":[{"start":{"line":288,"column":28},"end":{"line":288,"column":40}},{"start":{"line":288,"column":28},"end":{"line":288,"column":40}}],"line":288},"48":{"loc":{"start":{"line":290,"column":30},"end":{"line":292,"column":25}},"type":"cond-expr","locations":[{"start":{"line":290,"column":49},"end":{"line":292,"column":25}}],"line":290},"49":{"loc":{"start":{"line":291,"column":52},"end":{"line":292,"column":25}},"type":"binary-expr","locations":[{"start":{"line":291,"column":52},"end":{"line":291,"column":55}},{"start":{"line":291,"column":52},"end":{"line":292,"column":25}}],"line":291}},"s":{"0":0,"1":0,"2":0,"3":0,"4":0,"5":0,"6":0,"7":0,"8":0,"9":0,"10":0,"11":0,"12":0,"13":0,"14":0,"15":0,"16":0,"17":0,"18":0,"19":0,"20":0,"21":0,"22":0,"23":0,"24":0,"25":0,"26":0,"27":0,"28":0,"29":0,"30":0,"31":0,"32":0,"33":0,"34":0,"35":0,"36":0,"37":0,"38":0,"39":0,"40":0,"41":0,"42":0,"43":0,"44":0,"45":0,"46":0,"47":0,"48":0,"49":0,"50":2,"51":2,"52":2,"53":2,"54":2,"55":2,"56":2,"57":2,"58":2,"59":2,"60":2,"61":2,"62":2,"63":2,"64":2,"65":2,"66":2,"67":2,"68":2,"69":2,"70":2,"71":2,"72":0,"73":0,"74":0,"75":0,"76":0,"77":0,"78":0,"79":0,"80":0,"81":0,"82":0,"83":0,"84":0,"85":0,"86":0,"87":0,"88":0,"89":0,"90":0,"91":0,"92":0},"f":{"0":0,"1":0,"2":0,"3":0,"4":0,"5":0,"6":0,"7":0,"8":0,"9":0,"10":0,"11":0,"12":0,"13":0,"14":0,"15":0,"16":0,"17":0,"18":0,"19":0,"20":0,"21":0,"22":0,"23":0,"24":0,"25":0,"26":0,"27":0,"28":0},"b":{"0":[0,0],"1":[0,0],"2":[0,0],"3":[0,0],"4":[0,0],"5":[0],"6":[0,0],"7":[0,0],"8":[0,0],"9":[0,0],"10":[0],"11":[0,0],"12":[0,0],"13":[0,0],"14":[0,0],"15":[0],"16":[0,0],"17":[0,0],"18":[0,0],"19":[0],"20":[0,0],"21":[0,0],"22":[0,0],"23":[0,0],"24":[0,0],"25":[0],"26":[0,0],"27":[0,0],"28":[0],"29":[0,0],"30":[0,0],"31":[0,0],"32":[0,0],"33":[0],"34":[0,0],"35":[0,0],"36":[0],"37":[0,0],"38":[0],"39":[0,0],"40":[0,0],"41":[0,0],"42":[0,0],"43":[0],"44":[0,0],"45":[0,0],"46":[0],"47":[0,0],"48":[0],"49":[0,0]},"meta":{"lastBranch":50,"lastFunction":29,"lastStatement":93,"seen":{"s:14:14:14:Infinity":0,"s:15:13:15:Infinity":1,"s:17:6:17:Infinity":2,"s:18:6:18:Infinity":3,"s:20:6:20:Infinity":4,"s:21:14:27:Infinity":5,"s:28:19:28:Infinity":6,"s:30:6:30:Infinity":7,"s:31:6:31:Infinity":8,"s:32:6:32:Infinity":9,"s:34:6:34:Infinity":10,"s:36:6:36:Infinity":11,"s:37:6:37:Infinity":12,"s:38:6:38:Infinity":13,"s:39:6:39:Infinity":14,"s:40:6:40:Infinity":15,"s:41:6:41:Infinity":16,"s:43:6:43:Infinity":17,"s:45:6:49:Infinity":18,"s:51:6:51:Infinity":19,"f:51:26:51:32":0,"s:51:32:51:81":20,"f:53:9:53:17":1,"s:54:2:54:Infinity":21,"f:57:9:57:16":2,"b:58:2:62:Infinity:undefined:undefined:undefined:undefined":0,"s:58:2:62:Infinity":22,"s:59:4:59:Infinity":23,"s:60:4:60:Infinity":24,"f:60:15:60:21":3,"s:60:21:60:48":25,"s:61:4:61:Infinity":26,"s:63:2:63:Infinity":27,"s:64:2:64:Infinity":28,"s:65:2:65:Infinity":29,"f:68:17:68:26":4,"s:69:2:69:Infinity":30,"s:70:2:70:Infinity":31,"s:71:2:93:Infinity":32,"s:72:4:72:Infinity":33,"s:73:4:80:Infinity":34,"s:81:4:85:Infinity":35,"s:86:4:86:Infinity":36,"s:87:4:87:Infinity":37,"s:88:4:88:Infinity":38,"s:90:4:90:Infinity":39,"b:90:21:90:35:90:35:90:Infinity":1,"s:92:4:92:Infinity":40,"f:96:9:96:16":5,"b:97:2:97:Infinity:undefined:undefined:undefined:undefined":2,"s:97:2:97:Infinity":41,"s:97:35:97:Infinity":42,"f:100:9:100:16":6,"b:101:2:101:Infinity:undefined:undefined:undefined:undefined":3,"s:101:2:101:Infinity":43,"s:101:22:101:Infinity":44,"s:104:0:109:Infinity":45,"f:104:6:104:12":7,"s:104:12:104:24":46,"f:104:24:104:25":8,"b:105:2:108:Infinity:undefined:undefined:undefined:undefined":4,"s:105:2:108:Infinity":47,"s:106:4:106:Infinity":48,"s:107:4:107:Infinity":49,"s:118:13:118:Infinity":50,"s:119:15:119:Infinity":51,"s:121:17:121:Infinity":52,"s:122:19:122:Infinity":53,"s:126:19:126:Infinity":54,"s:127:22:127:77":55,"s:128:21:128:Infinity":56,"s:136:17:136:Infinity":57,"s:145:22:145:50":58,"s:150:17:150:Infinity":59,"s:153:21:153:Infinity":60,"s:154:23:154:Infinity":61,"s:186:27:186:135":62,"s:211:24:211:79":63,"s:227:24:227:95":64,"s:245:25:245:111":65,"s:257:21:257:Infinity":66,"s:264:21:264:Infinity":67,"s:271:24:271:57":68,"s:277:17:277:Infinity":69,"s:278:19:278:Infinity":70,"s:283:19:283:Infinity":71,"s:113:2:292:25":72,"f:115:6:115:17":9,"s:297:12:292:25":73,"b:115:17:292:25":5,"b:116:8:116:13:116:8:116:66":6,"b:123:49:123:52:123:49:124:110":7,"f:138:38:138:Infinity":10,"s:137:14:145:67":74,"f:140:22:140:24":11,"s:140:24:140:Infinity":75,"b:142:34:142:68:142:68:142:Infinity":8,"b:142:76:142:Infinity:142:76:142:Infinity":9,"b:152:29:165:Infinity":10,"b:157:18:157:22:157:18:157:102":11,"b:157:97:157:102:157:97:160:22":12,"b:169:22:169:Infinity:169:22:163:132":13,"b:168:20:168:Infinity:168:20:165:Infinity":14,"f:168:20:168:Infinity":12,"s:165:29:165:Infinity":76,"b:173:29:211:93":15,"b:213:20:213:Infinity:213:20:174:115":16,"b:183:22:183:Infinity:183:22:176:132":17,"b:182:27:182:Infinity:182:27:177:47":18,"f:182:27:182:Infinity":13,"s:177:35:177:47":77,"b:184:42:193:49":19,"b:188:28:188:Infinity:188:28:187:36":20,"f:187:126:187:132":14,"s:187:277:187:277":78,"b:187:277:187:287:187:277:187:277":21,"b:189:205:189:Infinity:189:205:189:48":22,"f:189:205:189:Infinity":15,"s:189:36:189:48":79,"b:194:24:194:Infinity:194:24:192:131":23,"b:193:206:193:Infinity:193:206:193:49":24,"f:193:206:193:Infinity":16,"s:193:36:193:49":80,"b:196:42:199:47":25,"b:200:24:200:Infinity:200:24:198:132":26,"b:199:220:199:Infinity:199:220:199:47":27,"f:199:220:199:Infinity":17,"s:199:36:199:47":81,"b:202:42:205:47":28,"b:206:24:206:Infinity:206:24:204:132":29,"b:205:220:205:Infinity:205:220:205:47":30,"f:205:220:205:Infinity":18,"s:205:36:205:47":82,"b:212:22:212:Infinity:212:22:209:134":31,"b:210:119:210:Infinity:210:119:210:46":32,"f:210:119:210:Infinity":19,"s:210:41:210:46":83,"b:216:29:229:Infinity":33,"b:235:20:235:Infinity:235:20:217:100":34,"b:217:95:217:100:217:95:218:122":35,"f:226:17:226:20":20,"s:219:16:229:Infinity":84,"f:233:20:233:Infinity":21,"s:229:29:229:Infinity":85,"b:238:29:247:Infinity":36,"b:253:20:253:Infinity:253:20:239:114":37,"f:244:17:244:20":22,"s:240:16:247:Infinity":86,"f:251:20:251:Infinity":23,"s:247:29:247:Infinity":87,"b:256:29:271:75":38,"b:260:16:260:20:260:16:260:91":39,"b:260:86:260:91:260:86:263:20":40,"f:266:20:266:30":24,"s:266:53:267:26":88,"b:266:50:266:53:266:50:267:26":41,"b:269:27:271:75:271:65:271:75":42,"b:279:34:281:25":43,"f:280:18:280:29":25,"s:280:56:281:25":89,"b:280:53:280:56:280:53:281:25":44,"f:285:18:285:31":26,"s:285:58:285:Infinity":90,"b:285:73:285:Infinity:285:73:285:Infinity":45,"b:287:47:288:67":46,"f:287:77:287:Infinity":27,"s:288:28:288:67":91,"b:288:28:288:40:288:28:288:40":47,"b:290:49:292:25":48,"f:291:18:291:32":28,"s:291:55:292:25":92,"b:291:52:291:55:291:52:292:25":49},"fnNames":{}}}
,"/home/adrie/projects/Rastro/frontend/src/components/ui/Badge.vue": {"path":"/home/adrie/projects/Rastro/frontend/src/components/ui/Badge.vue","statementMap":{"0":{"start":{"line":6,"column":6},"end":{"line":24,"column":null}},"1":{"start":{"line":32,"column":14},"end":{"line":32,"column":null}},"2":{"start":{"line":36,"column":2},"end":{"line":37,"column":null}}},"fnMap":{},"branchMap":{},"s":{"0":5,"1":5,"2":5},"f":{},"b":{},"meta":{"lastBranch":0,"lastFunction":0,"lastStatement":3,"seen":{"s:6:6:24:Infinity":0,"s:32:14:32:Infinity":1,"s:36:2:37:Infinity":2},"fnNames":{}}}
,"/home/adrie/projects/Rastro/frontend/src/components/ui/Button.vue": {"path":"/home/adrie/projects/Rastro/frontend/src/components/ui/Button.vue","statementMap":{"0":{"start":{"line":7,"column":6},"end":{"line":31,"column":null}},"1":{"start":{"line":44,"column":14},"end":{"line":44,"column":null}},"2":{"start":{"line":47,"column":6},"end":{"line":47,"column":null}},"3":{"start":{"line":48,"column":15},"end":{"line":48,"column":null}},"4":{"start":{"line":51,"column":16},"end":{"line":51,"column":null}},"5":{"start":{"line":52,"column":12},"end":{"line":52,"column":null}},"6":{"start":{"line":53,"column":12},"end":{"line":53,"column":null}},"7":{"start":{"line":54,"column":13},"end":{"line":54,"column":null}},"8":{"start":{"line":55,"column":2},"end":{"line":55,"column":null}},"9":{"start":{"line":56,"column":2},"end":{"line":58,"column":null}},"10":{"start":{"line":57,"column":4},"end":{"line":57,"column":null}},"11":{"start":{"line":57,"column":46},"end":{"line":57,"column":57}},"12":{"start":{"line":64,"column":11},"end":{"line":77,"column":null}},"13":{"start":{"line":71,"column":4},"end":{"line":74,"column":null}}},"fnMap":{"0":{"name":"onClick","decl":{"start":{"line":50,"column":9},"end":{"line":50,"column":17}},"loc":{"start":{"line":50,"column":32},"end":{"line":59,"column":null}},"line":50},"1":{"name":"(anonymous_1)","decl":{"start":{"line":56,"column":13},"end":{"line":56,"column":19}},"loc":{"start":{"line":56,"column":19},"end":{"line":58,"column":5}},"line":56},"2":{"name":"(anonymous_2)","decl":{"start":{"line":57,"column":41},"end":{"line":57,"column":46}},"loc":{"start":{"line":57,"column":46},"end":{"line":57,"column":57}},"line":57},"3":{"name":"(anonymous_3)","decl":{"start":{"line":72,"column":25},"end":{"line":72,"column":28}},"loc":{"start":{"line":72,"column":14},"end":{"line":74,"column":null}},"line":72}},"branchMap":{"0":{"loc":{"start":{"line":64,"column":11},"end":{"line":77,"column":null}},"type":"cond-expr","locations":[{"start":{"line":64,"column":11},"end":{"line":77,"column":17}},{"start":{"line":77,"column":2},"end":{"line":77,"column":null}}],"line":64},"1":{"loc":{"start":{"line":66,"column":15},"end":{"line":66,"column":null}},"type":"binary-expr","locations":[{"start":{"line":66,"column":15},"end":{"line":66,"column":27}},{"start":{"line":66,"column":27},"end":{"line":66,"column":null}}],"line":66},"2":{"loc":{"start":{"line":69,"column":16},"end":{"line":69,"column":null}},"type":"cond-expr","locations":[{"start":{"line":69,"column":16},"end":{"line":69,"column":null}},{"start":{"line":69,"column":114},"end":{"line":69,"column":null}}],"line":69}},"s":{"0":14,"1":14,"2":14,"3":14,"4":1,"5":1,"6":1,"7":1,"8":1,"9":1,"10":0,"11":0,"12":15,"13":1},"f":{"0":1,"1":0,"2":0,"3":1},"b":{"0":[14,1],"1":[14,13],"2":[0,14]},"meta":{"lastBranch":3,"lastFunction":4,"lastStatement":14,"seen":{"s:7:6:31:Infinity":0,"s:44:14:44:Infinity":1,"s:47:6:47:Infinity":2,"s:48:15:48:Infinity":3,"f:50:9:50:17":0,"s:51:16:51:Infinity":4,"s:52:12:52:Infinity":5,"s:53:12:53:Infinity":6,"s:54:13:54:Infinity":7,"s:55:2:55:Infinity":8,"s:56:2:58:Infinity":9,"f:56:13:56:19":1,"s:57:4:57:Infinity":10,"f:57:41:57:46":2,"s:57:46:57:57":11,"s:64:11:77:Infinity":12,"b:64:11:77:17:77:2:77:Infinity":0,"b:66:15:66:27:66:27:66:Infinity":1,"b:69:16:69:Infinity:69:114:69:Infinity":2,"f:72:25:72:28":3,"s:71:4:74:Infinity":13},"fnNames":{}}}
,"/home/adrie/projects/Rastro/frontend/src/components/ui/Card.vue": {"path":"/home/adrie/projects/Rastro/frontend/src/components/ui/Card.vue","statementMap":{"0":{"start":{"line":7,"column":14},"end":{"line":7,"column":null}},"1":{"start":{"line":11,"column":2},"end":{"line":12,"column":null}}},"fnMap":{},"branchMap":{},"s":{"0":2,"1":2},"f":{},"b":{},"meta":{"lastBranch":0,"lastFunction":0,"lastStatement":2,"seen":{"s:7:14:7:Infinity":0,"s:11:2:12:Infinity":1},"fnNames":{}}}
,"/home/adrie/projects/Rastro/frontend/src/components/ui/CardContent.vue": {"path":"/home/adrie/projects/Rastro/frontend/src/components/ui/CardContent.vue","statementMap":{"0":{"start":{"line":7,"column":14},"end":{"line":7,"column":null}},"1":{"start":{"line":11,"column":2},"end":{"line":12,"column":null}}},"fnMap":{},"branchMap":{},"s":{"0":2,"1":2},"f":{},"b":{},"meta":{"lastBranch":0,"lastFunction":0,"lastStatement":2,"seen":{"s:7:14:7:Infinity":0,"s:11:2:12:Infinity":1},"fnNames":{}}}
,"/home/adrie/projects/Rastro/frontend/src/components/ui/CardDescription.vue": {"path":"/home/adrie/projects/Rastro/frontend/src/components/ui/CardDescription.vue","statementMap":{"0":{"start":{"line":7,"column":14},"end":{"line":7,"column":null}},"1":{"start":{"line":11,"column":2},"end":{"line":12,"column":null}}},"fnMap":{},"branchMap":{},"s":{"0":2,"1":2},"f":{},"b":{},"meta":{"lastBranch":0,"lastFunction":0,"lastStatement":2,"seen":{"s:7:14:7:Infinity":0,"s:11:2:12:Infinity":1},"fnNames":{}}}
,"/home/adrie/projects/Rastro/frontend/src/components/ui/CardFooter.vue": {"path":"/home/adrie/projects/Rastro/frontend/src/components/ui/CardFooter.vue","statementMap":{"0":{"start":{"line":7,"column":14},"end":{"line":7,"column":null}},"1":{"start":{"line":11,"column":2},"end":{"line":12,"column":null}}},"fnMap":{},"branchMap":{},"s":{"0":2,"1":2},"f":{},"b":{},"meta":{"lastBranch":0,"lastFunction":0,"lastStatement":2,"seen":{"s:7:14:7:Infinity":0,"s:11:2:12:Infinity":1},"fnNames":{}}}
,"/home/adrie/projects/Rastro/frontend/src/components/ui/CardHeader.vue": {"path":"/home/adrie/projects/Rastro/frontend/src/components/ui/CardHeader.vue","statementMap":{"0":{"start":{"line":7,"column":14},"end":{"line":7,"column":null}},"1":{"start":{"line":11,"column":2},"end":{"line":12,"column":null}}},"fnMap":{},"branchMap":{},"s":{"0":2,"1":2},"f":{},"b":{},"meta":{"lastBranch":0,"lastFunction":0,"lastStatement":2,"seen":{"s:7:14:7:Infinity":0,"s:11:2:12:Infinity":1},"fnNames":{}}}
,"/home/adrie/projects/Rastro/frontend/src/components/ui/CardTitle.vue": {"path":"/home/adrie/projects/Rastro/frontend/src/components/ui/CardTitle.vue","statementMap":{"0":{"start":{"line":7,"column":14},"end":{"line":7,"column":null}},"1":{"start":{"line":11,"column":2},"end":{"line":12,"column":null}}},"fnMap":{},"branchMap":{},"s":{"0":2,"1":2},"f":{},"b":{},"meta":{"lastBranch":0,"lastFunction":0,"lastStatement":2,"seen":{"s:7:14:7:Infinity":0,"s:11:2:12:Infinity":1},"fnNames":{}}}
,"/home/adrie/projects/Rastro/frontend/src/components/ui/Separator.vue": {"path":"/home/adrie/projects/Rastro/frontend/src/components/ui/Separator.vue","statementMap":{"0":{"start":{"line":9,"column":14},"end":{"line":9,"column":null}},"1":{"start":{"line":15,"column":2},"end":{"line":16,"column":null}}},"fnMap":{},"branchMap":{"0":{"loc":{"start":{"line":16,"column":53},"end":{"line":16,"column":121}},"type":"cond-expr","locations":[{"start":{"line":16,"column":64},"end":{"line":16,"column":121}},{"start":{"line":16,"column":64},"end":{"line":16,"column":121}}],"line":16}},"s":{"0":0,"1":0},"f":{},"b":{"0":[0,0]},"meta":{"lastBranch":1,"lastFunction":0,"lastStatement":2,"seen":{"s:9:14:9:Infinity":0,"s:15:2:16:Infinity":1,"b:16:64:16:121:16:64:16:121":0},"fnNames":{}}}
,"/home/adrie/projects/Rastro/frontend/src/components/ui/Skeleton.vue": {"path":"/home/adrie/projects/Rastro/frontend/src/components/ui/Skeleton.vue","statementMap":{"0":{"start":{"line":9,"column":14},"end":{"line":9,"column":null}},"1":{"start":{"line":15,"column":2},"end":{"line":22,"column":null}}},"fnMap":{},"branchMap":{"0":{"loc":{"start":{"line":19,"column":12},"end":{"line":22,"column":null}},"type":"cond-expr","locations":[{"start":{"line":19,"column":12},"end":{"line":22,"column":null}},{"start":{"line":22,"column":6},"end":{"line":22,"column":null}}],"line":19}},"s":{"0":0,"1":0},"f":{},"b":{"0":[0,0]},"meta":{"lastBranch":1,"lastFunction":0,"lastStatement":2,"seen":{"s:9:14:9:Infinity":0,"s:15:2:22:Infinity":1,"b:19:12:22:Infinity:22:6:22:Infinity":0},"fnNames":{}}}
,"/home/adrie/projects/Rastro/frontend/src/components/ui/Tooltip.vue": {"path":"/home/adrie/projects/Rastro/frontend/src/components/ui/Tooltip.vue","statementMap":{"0":{"start":{"line":4,"column":14},"end":{"line":4,"column":null}},"1":{"start":{"line":13,"column":6},"end":{"line":13,"column":null}},"2":{"start":{"line":14,"column":52},"end":{"line":14,"column":null}},"3":{"start":{"line":15,"column":6},"end":{"line":15,"column":null}},"4":{"start":{"line":18,"column":2},"end":{"line":18,"column":null}},"5":{"start":{"line":18,"column":31},"end":{"line":18,"column":52}},"6":{"start":{"line":21,"column":2},"end":{"line":21,"column":null}},"7":{"start":{"line":21,"column":15},"end":{"line":21,"column":null}},"8":{"start":{"line":22,"column":2},"end":{"line":22,"column":null}},"9":{"start":{"line":25,"column":0},"end":{"line":27,"column":null}},"10":{"start":{"line":26,"column":2},"end":{"line":26,"column":null}},"11":{"start":{"line":26,"column":15},"end":{"line":26,"column":null}},"12":{"start":{"line":31,"column":2},"end":{"line":46,"column":null}},"13":{"start":{"line":54,"column":12},"end":{"line":46,"column":null}}},"fnMap":{"0":{"name":"show","decl":{"start":{"line":17,"column":9},"end":{"line":17,"column":16}},"loc":{"start":{"line":17,"column":16},"end":{"line":19,"column":null}},"line":17},"1":{"name":"(anonymous_1)","decl":{"start":{"line":18,"column":23},"end":{"line":18,"column":29}},"loc":{"start":{"line":18,"column":29},"end":{"line":18,"column":55}},"line":18},"2":{"name":"hide","decl":{"start":{"line":20,"column":9},"end":{"line":20,"column":16}},"loc":{"start":{"line":20,"column":16},"end":{"line":23,"column":null}},"line":20},"3":{"name":"(anonymous_3)","decl":{"start":{"line":25,"column":12},"end":{"line":25,"column":18}},"loc":{"start":{"line":25,"column":18},"end":{"line":27,"column":1}},"line":25},"4":{"name":"(anonymous_4)","decl":{"start":{"line":34,"column":6},"end":{"line":34,"column":17}},"loc":{"start":{"line":54,"column":12},"end":{"line":46,"column":null}},"line":54}},"branchMap":{"0":{"loc":{"start":{"line":21,"column":2},"end":{"line":21,"column":null}},"type":"if","locations":[{"start":{"line":21,"column":2},"end":{"line":21,"column":null}},{"start":{},"end":{}}],"line":21},"1":{"loc":{"start":{"line":26,"column":2},"end":{"line":26,"column":null}},"type":"if","locations":[{"start":{"line":26,"column":2},"end":{"line":26,"column":null}},{"start":{},"end":{}}],"line":26},"2":{"loc":{"start":{"line":34,"column":17},"end":{"line":46,"column":null}},"type":"cond-expr","locations":[{"start":{"line":34,"column":17},"end":{"line":46,"column":null}}],"line":34},"3":{"loc":{"start":{"line":35,"column":238},"end":{"line":35,"column":316}},"type":"binary-expr","locations":[{"start":{"line":35,"column":238},"end":{"line":35,"column":316}},{"start":{"line":35,"column":246},"end":{"line":35,"column":316}}],"line":35},"4":{"loc":{"start":{"line":35,"column":316},"end":{"line":35,"column":394}},"type":"binary-expr","locations":[{"start":{"line":35,"column":316},"end":{"line":35,"column":394}},{"start":{"line":35,"column":324},"end":{"line":35,"column":394}}],"line":35},"5":{"loc":{"start":{"line":35,"column":394},"end":{"line":35,"column":471}},"type":"binary-expr","locations":[{"start":{"line":35,"column":394},"end":{"line":35,"column":471}},{"start":{"line":35,"column":402},"end":{"line":35,"column":471}}],"line":35},"6":{"loc":{"start":{"line":35,"column":471},"end":{"line":35,"column":null}},"type":"binary-expr","locations":[{"start":{"line":35,"column":471},"end":{"line":35,"column":null}},{"start":{"line":35,"column":479},"end":{"line":35,"column":null}}],"line":35},"7":{"loc":{"start":{"line":46,"column":113},"end":{"line":46,"column":211}},"type":"binary-expr","locations":[{"start":{"line":46,"column":113},"end":{"line":46,"column":211}},{"start":{"line":46,"column":121},"end":{"line":46,"column":211}}],"line":46},"8":{"loc":{"start":{"line":46,"column":211},"end":{"line":46,"column":315}},"type":"binary-expr","locations":[{"start":{"line":46,"column":211},"end":{"line":46,"column":315}},{"start":{"line":46,"column":219},"end":{"line":46,"column":315}}],"line":46},"9":{"loc":{"start":{"line":46,"column":315},"end":{"line":46,"column":414}},"type":"binary-expr","locations":[{"start":{"line":46,"column":315},"end":{"line":46,"column":414}},{"start":{"line":46,"column":323},"end":{"line":46,"column":414}}],"line":46},"10":{"loc":{"start":{"line":46,"column":414},"end":{"line":46,"column":null}},"type":"binary-expr","locations":[{"start":{"line":46,"column":414},"end":{"line":46,"column":null}},{"start":{"line":46,"column":422},"end":{"line":46,"column":null}}],"line":46}},"s":{"0":0,"1":0,"2":0,"3":0,"4":0,"5":0,"6":0,"7":0,"8":0,"9":0,"10":0,"11":0,"12":0,"13":0},"f":{"0":0,"1":0,"2":0,"3":0,"4":0},"b":{"0":[0,0],"1":[0,0],"2":[0],"3":[0,0],"4":[0,0],"5":[0,0],"6":[0,0],"7":[0,0],"8":[0,0],"9":[0,0],"10":[0,0]},"meta":{"lastBranch":0,"lastFunction":0,"lastStatement":0,"seen":{},"fnNames":{}}}
,"/home/adrie/projects/Rastro/frontend/src/composables/useBountyStream.ts": {"path":"/home/adrie/projects/Rastro/frontend/src/composables/useBountyStream.ts","statementMap":{"0":{"start":{"line":7,"column":28},"end":{"line":7,"column":null}},"1":{"start":{"line":8,"column":60},"end":{"line":8,"column":null}},"2":{"start":{"line":9,"column":25},"end":{"line":9,"column":null}},"3":{"start":{"line":10,"column":28},"end":{"line":10,"column":null}},"4":{"start":{"line":11,"column":17},"end":{"line":11,"column":null}},"5":{"start":{"line":13,"column":6},"end":{"line":13,"column":null}},"6":{"start":{"line":14,"column":6},"end":{"line":14,"column":null}},"7":{"start":{"line":17,"column":8},"end":{"line":17,"column":null}},"8":{"start":{"line":18,"column":2},"end":{"line":18,"column":null}},"9":{"start":{"line":18,"column":14},"end":{"line":18,"column":null}},"10":{"start":{"line":19,"column":16},"end":{"line":19,"column":null}},"11":{"start":{"line":20,"column":15},"end":{"line":20,"column":null}},"12":{"start":{"line":21,"column":2},"end":{"line":21,"column":null}},"13":{"start":{"line":25,"column":2},"end":{"line":25,"column":null}},"14":{"start":{"line":25,"column":23},"end":{"line":25,"column":null}},"15":{"start":{"line":26,"column":16},"end":{"line":26,"column":null}},"16":{"start":{"line":27,"column":2},"end":{"line":27,"column":null}},"17":{"start":{"line":28,"column":2},"end":{"line":28,"column":null}},"18":{"start":{"line":32,"column":2},"end":{"line":40,"column":null}},"19":{"start":{"line":33,"column":18},"end":{"line":33,"column":null}},"20":{"start":{"line":34,"column":4},"end":{"line":34,"column":null}},"21":{"start":{"line":35,"column":4},"end":{"line":39,"column":null}},"22":{"start":{"line":36,"column":6},"end":{"line":36,"column":null}},"23":{"start":{"line":36,"column":29},"end":{"line":36,"column":59}},"24":{"start":{"line":36,"column":49},"end":{"line":36,"column":59}},"25":{"start":{"line":36,"column":59},"end":{"line":36,"column":68}},"26":{"start":{"line":37,"column":6},"end":{"line":37,"column":null}},"27":{"start":{"line":37,"column":36},"end":{"line":37,"column":66}},"28":{"start":{"line":37,"column":56},"end":{"line":37,"column":66}},"29":{"start":{"line":37,"column":66},"end":{"line":37,"column":75}},"30":{"start":{"line":38,"column":6},"end":{"line":38,"column":null}},"31":{"start":{"line":38,"column":69},"end":{"line":38,"column":98}},"32":{"start":{"line":38,"column":89},"end":{"line":38,"column":98}},"33":{"start":{"line":44,"column":2},"end":{"line":44,"column":null}},"34":{"start":{"line":44,"column":86},"end":{"line":44,"column":null}},"35":{"start":{"line":45,"column":14},"end":{"line":45,"column":null}},"36":{"start":{"line":46,"column":2},"end":{"line":46,"column":null}},"37":{"start":{"line":46,"column":14},"end":{"line":46,"column":45}},"38":{"start":{"line":46,"column":45},"end":{"line":46,"column":66}},"39":{"start":{"line":46,"column":66},"end":{"line":46,"column":73}},"40":{"start":{"line":48,"column":2},"end":{"line":48,"column":null}},"41":{"start":{"line":49,"column":2},"end":{"line":49,"column":null}},"42":{"start":{"line":49,"column":8},"end":{"line":49,"column":33}},"43":{"start":{"line":49,"column":43},"end":{"line":49,"column":74}},"44":{"start":{"line":49,"column":74},"end":{"line":49,"column":95}},"45":{"start":{"line":49,"column":95},"end":{"line":49,"column":102}},"46":{"start":{"line":51,"column":2},"end":{"line":55,"column":null}},"47":{"start":{"line":52,"column":4},"end":{"line":52,"column":null}},"48":{"start":{"line":53,"column":4},"end":{"line":53,"column":null}},"49":{"start":{"line":54,"column":4},"end":{"line":54,"column":null}},"50":{"start":{"line":56,"column":2},"end":{"line":56,"column":null}},"51":{"start":{"line":56,"column":27},"end":{"line":56,"column":null}},"52":{"start":{"line":57,"column":2},"end":{"line":57,"column":null}},"53":{"start":{"line":57,"column":24},"end":{"line":57,"column":55}},"54":{"start":{"line":57,"column":55},"end":{"line":57,"column":67}},"55":{"start":{"line":57,"column":67},"end":{"line":57,"column":87}},"56":{"start":{"line":58,"column":2},"end":{"line":58,"column":null}},"57":{"start":{"line":62,"column":2},"end":{"line":62,"column":null}},"58":{"start":{"line":62,"column":25},"end":{"line":62,"column":56}},"59":{"start":{"line":62,"column":56},"end":{"line":62,"column":79}},"60":{"start":{"line":63,"column":2},"end":{"line":63,"column":null}},"61":{"start":{"line":64,"column":2},"end":{"line":64,"column":null}},"62":{"start":{"line":65,"column":2},"end":{"line":65,"column":null}},"63":{"start":{"line":65,"column":13},"end":{"line":65,"column":33}},"64":{"start":{"line":65,"column":33},"end":{"line":65,"column":46}},"65":{"start":{"line":65,"column":46},"end":{"line":65,"column":57}},"66":{"start":{"line":66,"column":2},"end":{"line":66,"column":null}},"67":{"start":{"line":70,"column":2},"end":{"line":70,"column":null}},"68":{"start":{"line":70,"column":27},"end":{"line":70,"column":null}},"69":{"start":{"line":71,"column":2},"end":{"line":71,"column":null}},"70":{"start":{"line":72,"column":2},"end":{"line":72,"column":null}},"71":{"start":{"line":72,"column":17},"end":{"line":72,"column":53}},"72":{"start":{"line":76,"column":2},"end":{"line":76,"column":null}}},"fnMap":{"0":{"name":"getWsUrl","decl":{"start":{"line":16,"column":9},"end":{"line":16,"column":35}},"loc":{"start":{"line":16,"column":35},"end":{"line":22,"column":null}},"line":16},"1":{"name":"scheduleReconnect","decl":{"start":{"line":24,"column":9},"end":{"line":24,"column":29}},"loc":{"start":{"line":24,"column":29},"end":{"line":29,"column":null}},"line":24},"2":{"name":"handleMessage","decl":{"start":{"line":31,"column":9},"end":{"line":31,"column":23}},"loc":{"start":{"line":31,"column":37},"end":{"line":41,"column":null}},"line":31},"3":{"name":"connect","decl":{"start":{"line":43,"column":16},"end":{"line":43,"column":26}},"loc":{"start":{"line":43,"column":26},"end":{"line":59,"column":null}},"line":43},"4":{"name":"(anonymous_4)","decl":{"start":{"line":51,"column":15},"end":{"line":51,"column":21}},"loc":{"start":{"line":51,"column":21},"end":{"line":55,"column":null}},"line":51},"5":{"name":"(anonymous_5)","decl":{"start":{"line":56,"column":18},"end":{"line":56,"column":19}},"loc":{"start":{"line":56,"column":27},"end":{"line":56,"column":null}},"line":56},"6":{"name":"(anonymous_6)","decl":{"start":{"line":57,"column":16},"end":{"line":57,"column":22}},"loc":{"start":{"line":57,"column":22},"end":{"line":57,"column":null}},"line":57},"7":{"name":"(anonymous_7)","decl":{"start":{"line":58,"column":16},"end":{"line":58,"column":22}},"loc":{"start":{"line":58,"column":22},"end":{"line":58,"column":null}},"line":58},"8":{"name":"disconnect","decl":{"start":{"line":61,"column":16},"end":{"line":61,"column":29}},"loc":{"start":{"line":61,"column":29},"end":{"line":67,"column":null}},"line":61},"9":{"name":"onWsEvent","decl":{"start":{"line":69,"column":16},"end":{"line":69,"column":26}},"loc":{"start":{"line":69,"column":63},"end":{"line":73,"column":null}},"line":69},"10":{"name":"(anonymous_10)","decl":{"start":{"line":72,"column":9},"end":{"line":72,"column":15}},"loc":{"start":{"line":72,"column":15},"end":{"line":72,"column":null}},"line":72},"11":{"name":"useBountyStream","decl":{"start":{"line":75,"column":16},"end":{"line":75,"column":34}},"loc":{"start":{"line":75,"column":34},"end":{"line":77,"column":null}},"line":75}},"branchMap":{"0":{"loc":{"start":{"line":18,"column":2},"end":{"line":18,"column":null}},"type":"if","locations":[{"start":{"line":18,"column":2},"end":{"line":18,"column":null}},{"start":{},"end":{}}],"line":18},"1":{"loc":{"start":{"line":19,"column":16},"end":{"line":19,"column":null}},"type":"cond-expr","locations":[{"start":{"line":19,"column":56},"end":{"line":19,"column":65}},{"start":{"line":19,"column":65},"end":{"line":19,"column":null}}],"line":19},"2":{"loc":{"start":{"line":25,"column":2},"end":{"line":25,"column":null}},"type":"if","locations":[{"start":{"line":25,"column":2},"end":{"line":25,"column":null}},{"start":{},"end":{}}],"line":25},"3":{"loc":{"start":{"line":36,"column":6},"end":{"line":36,"column":null}},"type":"if","locations":[{"start":{"line":36,"column":6},"end":{"line":36,"column":null}},{"start":{},"end":{}}],"line":36},"4":{"loc":{"start":{"line":37,"column":6},"end":{"line":37,"column":null}},"type":"if","locations":[{"start":{"line":37,"column":6},"end":{"line":37,"column":null}},{"start":{},"end":{}}],"line":37},"5":{"loc":{"start":{"line":38,"column":6},"end":{"line":38,"column":null}},"type":"if","locations":[{"start":{"line":38,"column":6},"end":{"line":38,"column":null}},{"start":{},"end":{}}],"line":38},"6":{"loc":{"start":{"line":38,"column":10},"end":{"line":38,"column":67}},"type":"binary-expr","locations":[{"start":{"line":38,"column":10},"end":{"line":38,"column":35}},{"start":{"line":38,"column":35},"end":{"line":38,"column":67}}],"line":38},"7":{"loc":{"start":{"line":44,"column":2},"end":{"line":44,"column":null}},"type":"if","locations":[{"start":{"line":44,"column":2},"end":{"line":44,"column":null}},{"start":{},"end":{}}],"line":44},"8":{"loc":{"start":{"line":44,"column":6},"end":{"line":44,"column":86}},"type":"binary-expr","locations":[{"start":{"line":44,"column":6},"end":{"line":44,"column":44}},{"start":{"line":44,"column":44},"end":{"line":44,"column":86}}],"line":44},"9":{"loc":{"start":{"line":46,"column":2},"end":{"line":46,"column":null}},"type":"if","locations":[{"start":{"line":46,"column":2},"end":{"line":46,"column":null}},{"start":{},"end":{}}],"line":46},"10":{"loc":{"start":{"line":62,"column":2},"end":{"line":62,"column":null}},"type":"if","locations":[{"start":{"line":62,"column":2},"end
[...]
"start":{"line":24,"column":17},"end":{"line":24,"column":31}},"loc":{"start":{"line":24,"column":79},"end":{"line":43,"column":null}},"line":24},"2":{"name":"exportMarkdown","decl":{"start":{"line":45,"column":17},"end":{"line":45,"column":32}},"loc":{"start":{"line":45,"column":75},"end":{"line":52,"column":null}},"line":45},"3":{"name":"exportPdf","decl":{"start":{"line":54,"column":17},"end":{"line":54,"column":27}},"loc":{"start":{"line":54,"column":68},"end":{"line":65,"column":null}},"line":54},"4":{"name":"clearDraft","decl":{"start":{"line":67,"column":11},"end":{"line":67,"column":24}},"loc":{"start":{"line":67,"column":24},"end":{"line":70,"column":null}},"line":67}},"branchMap":{"0":{"loc":{"start":{"line":38,"column":20},"end":{"line":38,"column":null}},"type":"binary-expr","locations":[{"start":{"line":38,"column":20},"end":{"line":38,"column":34}},{"start":{"line":38,"column":34},"end":{"line":38,"column":null}}],"line":38},"1":{"loc":{"start":{"line":58,"column":17},"end":{"line":58,"column":null}},"type":"cond-expr","locations":[{"start":{"line":58,"column":25},"end":{"line":58,"column":64}},{"start":{"line":58,"column":64},"end":{"line":58,"column":null}}],"line":58},"2":{"loc":{"start":{"line":60,"column":6},"end":{"line":60,"column":null}},"type":"if","locations":[{"start":{"line":60,"column":6},"end":{"line":60,"column":null}},{"start":{},"end":{}}],"line":60}},"s":{"0":1,"1":10,"2":10,"3":10,"4":10,"5":3,"6":3,"7":3,"8":3,"9":3,"10":1,"11":1,"12":1,"13":2,"14":2,"15":3,"16":2,"17":2,"18":1,"19":1,"20":3,"21":3,"22":3,"23":2,"24":2,"25":1,"26":2,"27":1,"28":1,"29":10},"f":{"0":10,"1":3,"2":2,"3":3,"4":1},"b":{"0":[2,1],"1":[3,0],"2":[1,1]},"meta":{"lastBranch":3,"lastFunction":5,"lastStatement":30,"seen":{"s:18:13:76:Infinity":0,"f:18:52:18:58":0,"s:19:8:19:Infinity":1,"s:20:8:20:Infinity":2,"s:21:8:21:Infinity":3,"s:22:8:22:Infinity":4,"f:24:17:24:31":1,"s:25:4:25:Infinity":5,"s:26:4:26:Infinity":6,"s:27:4:27:Infinity":7,"s:28:4:42:Infinity":8,"s:29:18:29:Infinity":9,"s:30:6:30:Infinity":10,"s:31:6:35:Infinity":11,"s:36:6:36:Infinity":12,"s:38:6:38:Infinity":13,"b:38:20:38:34:38:34:38:Infinity":0,"s:39:6:39:Infinity":14,"s:41:6:41:Infinity":15,"f:45:17:45:32":2,"s:46:4:51:Infinity":16,"s:47:18:47:Infinity":17,"s:48:6:48:Infinity":18,"s:50:6:50:Infinity":19,"f:54:17:54:27":3,"s:55:4:64:Infinity":20,"s:56:12:56:Infinity":21,"s:57:18:59:Infinity":22,"b:58:25:58:64:58:64:58:Infinity":1,"b:60:6:60:Infinity:undefined:undefined:undefined:undefined":2,"s:60:6:60:Infinity":23,"s:60:19:60:Infinity":24,"s:61:6:61:Infinity":25,"s:63:6:63:Infinity":26,"f:67:11:67:24":4,"s:68:4:68:Infinity":27,"s:69:4:69:Infinity":28,"s:72:2:75:Infinity":29},"fnNames":{}}}
,"/home/adrie/projects/Rastro/frontend/src/stores/settings.ts": {"path":"/home/adrie/projects/Rastro/frontend/src/stores/settings.ts","statementMap":{"0":{"start":{"line":5,"column":20},"end":{"line":5,"column":null}},"1":{"start":{"line":128,"column":2},"end":{"line":200,"column":null}},"2":{"start":{"line":204,"column":2},"end":{"line":210,"column":null}},"3":{"start":{"line":205,"column":16},"end":{"line":205,"column":null}},"4":{"start":{"line":206,"column":4},"end":{"line":209,"column":null}},"5":{"start":{"line":207,"column":20},"end":{"line":207,"column":null}},"6":{"start":{"line":208,"column":6},"end":{"line":208,"column":null}},"7":{"start":{"line":211,"column":2},"end":{"line":211,"column":null}},"8":{"start":{"line":215,"column":2},"end":{"line":217,"column":null}},"9":{"start":{"line":216,"column":4},"end":{"line":216,"column":null}},"10":{"start":{"line":220,"column":13},"end":{"line":349,"column":null}},"11":{"start":{"line":221,"column":8},"end":{"line":221,"column":null}},"12":{"start":{"line":222,"column":8},"end":{"line":222,"column":null}},"13":{"start":{"line":223,"column":8},"end":{"line":223,"column":null}},"14":{"start":{"line":225,"column":8},"end":{"line":225,"column":null}},"15":{"start":{"line":225,"column":42},"end":{"line":225,"column":108}},"16":{"start":{"line":228,"column":4},"end":{"line":228,"column":null}},"17":{"start":{"line":232,"column":4},"end":{"line":232,"column":null}},"18":{"start":{"line":233,"column":4},"end":{"line":245,"column":null}},"19":{"start":{"line":234,"column":43},"end":{"line":234,"column":null}},"20":{"start":{"line":235,"column":6},"end":{"line":235,"column":null}},"21":{"start":{"line":236,"column":6},"end":{"line":236,"column":null}},"22":{"start":{"line":237,"column":6},"end":{"line":237,"column":null}},"23":{"start":{"line":238,"column":6},"end":{"line":238,"column":null}},"24":{"start":{"line":239,"column":6},"end":{"line":239,"column":null}},"25":{"start":{"line":240,"column":6},"end":{"line":240,"column":null}},"26":{"start":{"line":241,"column":6},"end":{"line":241,"column":null}},"27":{"start":{"line":242,"column":6},"end":{"line":242,"column":null}},"28":{"start":{"line":243,"column":6},"end":{"line":243,"column":null}},"29":{"start":{"line":245,"column":14},"end":{"line":245,"column":36}},"30":{"start":{"line":249,"column":4},"end":{"line":261,"column":null}},"31":{"start":{"line":250,"column":18},"end":{"line":250,"column":null}},"32":{"start":{"line":251,"column":6},"end":{"line":260,"column":null}},"33":{"start":{"line":252,"column":8},"end":{"line":252,"column":null}},"34":{"start":{"line":252,"column":34},"end":{"line":252,"column":null}},"35":{"start":{"line":253,"column":8},"end":{"line":253,"column":null}},"36":{"start":{"line":253,"column":29},"end":{"line":253,"column":null}},"37":{"start":{"line":254,"column":8},"end":{"line":254,"column":null}},"38":{"start":{"line":254,"column":34},"end":{"line":254,"column":null}},"39":{"start":{"line":255,"column":8},"end":{"line":255,"column":null}},"40":{"start":{"line":255,"column":41},"end":{"line":255,"column":null}},"41":{"start":{"line":256,"column":8},"end":{"line":256,"column":null}},"42":{"start":{"line":256,"column":37},"end":{"line":256,"column":null}},"43":{"start":{"line":257,"column":8},"end":{"line":257,"column":null}},"44":{"start":{"line":257,"column":35},"end":{"line":257,"column":null}},"45":{"start":{"line":258,"column":8},"end":{"line":258,"column":null}},"46":{"start":{"line":258,"column":37},"end":{"line":258,"column":null}},"47":{"start":{"line":259,"column":8},"end":{"line":259,"column":null}},"48":{"start":{"line":265,"column":4},"end":{"line":265,"column":null}},"49":{"start":{"line":266,"column":4},"end":{"line":266,"column":null}},"50":{"start":{"line":267,"column":4},"end":{"line":267,"column":null}},"51":{"start":{"line":268,"column":4},"end":{"line":268,"column":null}},"52":{"start":{"line":269,"column":4},"end":{"line":269,"column":null}},"53":{"start":{"line":273,"column":4},"end":{"line":273,"column":null}},"54":{"start":{"line":274,"column":4},"end":{"line":274,"column":null}},"55":{"start":{"line":275,"column":4},"end":{"line":275,"column":null}},"56":{"start":{"line":276,"column":4},"end":{"line":276,"column":null}},"57":{"start":{"line":280,"column":4},"end":{"line":280,"column":null}},"58":{"start":{"line":281,"column":4},"end":{"line":281,"column":null}},"59":{"start":{"line":285,"column":4},"end":{"line":285,"column":null}},"60":{"start":{"line":286,"column":4},"end":{"line":286,"column":null}},"61":{"start":{"line":290,"column":4},"end":{"line":290,"column":null}},"62":{"start":{"line":291,"column":4},"end":{"line":291,"column":null}},"63":{"start":{"line":292,"column":4},"end":{"line":292,"column":null}},"64":{"start":{"line":296,"column":4},"end":{"line":296,"column":null}},"65":{"start":{"line":297,"column":4},"end":{"line":297,"column":null}},"66":{"start":{"line":301,"column":4},"end":{"line":301,"column":null}},"67":{"start":{"line":302,"column":4},"end":{"line":302,"column":null}},"68":{"start":{"line":306,"column":4},"end":{"line":306,"column":null}},"69":{"start":{"line":307,"column":4},"end":{"line":307,"column":null}},"70":{"start":{"line":311,"column":4},"end":{"line":321,"column":null}},"71":{"start":{"line":312,"column":18},"end":{"line":312,"column":null}},"72":{"start":{"line":313,"column":6},"end":{"line":320,"column":null}},"73":{"start":{"line":314,"column":8},"end":{"line":318,"column":null}},"74":{"start":{"line":315,"column":10},"end":{"line":317,"column":null}},"75":{"start":{"line":316,"column":13},"end":{"line":316,"column":null}},"76":{"start":{"line":319,"column":8},"end":{"line":319,"column":null}},"77":{"start":{"line":325,"column":4},"end":{"line":325,"column":null}},"78":{"start":{"line":326,"column":4},"end":{"line":326,"column":null}},"79":{"start":{"line":330,"column":4},"end":{"line":335,"column":null}},"80":{"start":{"line":331,"column":21},"end":{"line":331,"column":null}},"81":{"start":{"line":332,"column":6},"end":{"line":334,"column":null}},"82":{"start":{"line":333,"column":8},"end":{"line":333,"column":null}},"83":{"start":{"line":336,"column":4},"end":{"line":336,"column":null}},"84":{"start":{"line":339,"column":2},"end":{"line":339,"column":null}},"85":{"start":{"line":341,"column":2},"end":{"line":348,"column":null}}},"fnMap":{"0":{"name":"defaultSettings","decl":{"start":{"line":127,"column":9},"end":{"line":127,"column":42}},"loc":{"start":{"line":127,"column":42},"end":{"line":201,"column":null}},"line":127},"1":{"name":"loadFromStorage","decl":{"start":{"line":203,"column":9},"end":{"line":203,"column":42}},"loc":{"start":{"line":203,"column":42},"end":{"line":212,"column":null}},"line":203},"2":{"name":"saveToStorage","decl":{"start":{"line":214,"column":9},"end":{"line":214,"column":23}},"loc":{"start":{"line":214,"column":45},"end":{"line":218,"column":null}},"line":214},"3":{"name":"(anonymous_3)","decl":{"start":{"line":220,"column":56},"end":{"line":220,"column":62}},"loc":{"start":{"line":220,"column":62},"end":{"line":349,"column":1}},"line":220},"4":{"name":"(anonymous_4)","decl":{"start":{"line":225,"column":36},"end":{"line":225,"column":42}},"loc":{"start":{"line":225,"column":42},"end":{"line":225,"column":108}},"line":225},"5":{"name":"persist","decl":{"start":{"line":227,"column":11},"end":{"line":227,"column":21}},"loc":{"start":{"line":227,"column":21},"end":{"line":229,"column":null}},"line":227},"6":{"name":"syncToBackend","decl":{"start":{"line":231,"column":17},"end":{"line":231,"column":33}},"loc":{"start":{"line":231,"column":33},"end":{"line":246,"column":null}},"line":231},"7":{"name":"loadFromBackend","decl":{"start":{"line":248,"column":17},"end":{"line":248,"column":35}},"loc":{"start":{"line":248,"column":35},"end":{"line":262,"column":null}},"line":248},"8":{"name":"completeOnboarding","decl":{"start":{"line":264,"column":11},"end":{"line":264,"column":30}},"loc":{"start":{"line":264,"column":44},"end":{"line":270,"column":null}},"line":264},"9":{"name":"resetOnboarding","decl":{"start":{"line":272,"column":11},"end":{"line":272,"column":29}},"loc":{"start":{"line":272,"column":29},"end":{"line":277,"column":null}},"line":272},"10":{"name":"updateGeneral","decl":{"start":{"line":279,"column":11},"end":{"line":279,"column":25}},"loc":{"start":{"line":279,"column":58},"end":{"line":282,"column":null}},"line":279},"11":{"name":"updateAI","decl":{"start":{"line":284,"column":11},"end":{"line":284,"column":20}},"loc":{"start":{"line":284,"column":48},"end":{"line":287,"column":null}},"line":284},"12":{"name":"updateApiKeys","decl":{"start":{"line":289,"column":11},"end":{"line":289,"column":25}},"loc":{"start":{"line":289,"column":58},"end":{"line":293,"column":null}},"line":289},"13":{"name":"updateMissionControl","decl":{"start":{"line":295,"column":11},"end":{"line":295,"column":32}},"loc":{"start":{"line":295,"column":72},"end":{"line":298,"column":null}},"line":295},"14":{"name":"updateAppearance","decl":{"start":{"line":300,"column":11},"end":{"line":300,"column":28}},"loc":{"start":{"line":300,"column":64},"end":{"line":303,"column":null}},"line":300},"15":{"name":"updateSecurity","decl":{"start":{"line":305,"column":11},"end":{"line":305,"column":26}},"loc":{"start":{"line":305,"column":60},"end":{"line":308,"column":null}},"line":305},"16":{"name":"checkTools","decl":{"start":{"line":310,"column":17},"end":{"line":310,"column":30}},"loc":{"start":{"line":310,"column":30},"end":{"line":322,"column":null}},"line":310},"17":{"name":"setToolInfo","decl":{"start":{"line":324,"column":11},"end":{"line":324,"column":23}},"loc":{"start":{"line":324,"column":74},"end":{"line":327,"column":null}},"line":324},"18":{"name":"updateSystemInfo","decl":{"start":{"line":329,"column":17},"end":{"line":329,"column":36}},"loc":{"start":{"line":329,"column":36},"end":{"line":337,"column":null}},"line":329}},"branchMap":{"0":{"loc":{"start":{"line":206,"column":4},"end":{"line":209,"column":null}},"type":"if","locations":[{"start":{"line":206,"column":4},"end":{"line":209,"column":null}},{"start":{},"end":{}}],"line":206},"1":{"loc":{"start":{"line":225,"column":42},"end":{"line":225,"column":108}},"type":"binary-expr","locations":[{"start":{"line":225,"column":42},"end":{"line":225,"column":78}},{"start":{"line":225,"column":78},"end":{"line":225,"column":108}}],"line":225},"2":{"loc":{"start":{"line":251,"column":6},"end":{"line":260,"column":null}},"type":"if","locations":[{"start":{"line":251,"column":6},"end":{"line":260,"column":null}},{"start":{},"end":{}}],"line":251},"3":{"loc":{"start":{"line":252,"column":8},"end":{"line":252,"column":null}},"type":"if","locations":[{"start":{"line":252,"column":8},"end":{"line":252,"column":null}},{"start":{},"end":{}}],"line":252},"4":{"loc":{"start":{"line":253,"column":8},"end":{"line":253,"column":null}},"type":"if","locations":[{"start":{"line":253,"column":8},"end":{"line":253,"column":null}},{"start":{},"end":{}}],"line":253},"5":{"loc":{"start":{"line":254,"column":8},"end":{"line":254,"column":null}},"type":"if","locations":[{"start":{"line":254,"column":8},"end":{"line":254,"column":null}},{"start":{},"end":{}}],"line":254},"6":{"loc":{"start":{"line":255,"column":8},"end":{"line":255,"column":null}},"type":"if","locations":[{"start":{"line":255,"column":8},"end":{"line":255,"column":null}},{"start":{},"end":{}}],"line":255},"7":{"loc":{"start":{"line":256,"column":8},"end":{"line":256,"column":null}},"type":"if","locations":[{"start":{"line":256,"column":8},"end":{"line":256,"column":null}},{"start":{},"end":{}}],"line":256},"8":{"loc":{"start":{"line":257,"column":8},"end":{"line":257,"column":null}},"type":"if","locations":[{"start":{"line":257,"column":8},"end":{"line":257,"column":null}},{"start":{},"end":{}}],"line":257},"9":{"loc":{"start":{"line":258,"column":8},"end":{"line":258,"column":null}},"type":"if","locations":[{"start":{"line":258,"column":8},"end":{"line":258,"column":null}},{"start":{},"end":{}}],"line":258},"10":{"loc":{"start":{"line":264,"column":30},"end":{"line":264,"column":44}},"type":"default-arg","locations":[{"start":{"line":264,"column":37},"end":{"line":264,"column":44}}],"line":264},"11":{"loc":{"start":{"line":313,"column":6},"end":{"line":320,"column":null}},"type":"if","locations":[{"start":{"line":313,"column":6},"end":{"line":320,"column":null}},{"start":{},"end":{}}],"line":313},"12":{"loc":{"start":{"line":315,"column":10},"end":{"line":317,"column":null}},"type":"if","locations":[{"start":{"line":315,"column":10},"end":{"line":317,"column":null}},{"start":{},"end":{}}],"line":315},"13":{"loc":{"start":{"line":332,"column":6},"end":{"line":334,"column":null}},"type":"if","locations":[{"start":{"line":332,"column":6},"end":{"line":334,"column":null}},{"start":{},"end":{}}],"line":332}},"s":{"0":1,"1":22,"2":22,"3":22,"4":22,"5":1,"6":1,"7":21,"8":38,"9":38,"10":1,"11":22,"12":22,"13":22,"14":22,"15":2,"16":38,"17":6,"18":6,"19":6,"20":6,"21":6,"22":6,"23":6,"24":6,"25":6,"26":6,"27":6,"28":5,"29":6,"30":2,"31":2,"32":1,"33":1,"34":1,"35":1,"36":1,"37":1,"38":0,"39":1,"40":0,"41":1,"42":0,"43":1,"44":0,"45":1,"46":0,"47":1,"48":3,"49":3,"50":3,"51":3,"52":3,"53":1,"54":1,"55":1,"56":1,"57":2,"58":2,"59":1,"60":1,"61":1,"62":1,"63":1,"64":1,"65":1,"66":1,"67":1,"68":1,"69":1,"70":2,"71":2,"72":1,"73":1,"74":2,"75":2,"76":1,"77":1,"78":1,"79":2,"80":2,"81":1,"82":1,"83":2,"84":22,"85":22},"f":{"0":22,"1":22,"2":38,"3":22,"4":2,"5":38,"6":6,"7":2,"8":3,"9":1,"10":2,"11":1,"12":1,"13":1,"14":1,"15":1,"16":2,"17":1,"18":2},"b":{"0":[1,21],"1":[2,1],"2":[1,0],"3":[1,0],"4":[1,0],"5":[0,1],"6":[0,1],"7":[0,1],"8":[0,1],"9":[0,1],"10":[3],"11":[1,0],"12":[2,0],"13":[1,0]},"meta":{"lastBranch":14,"lastFunction":19,"lastStatement":86,"seen":{"s:5:20:5:Infinity":0,"f:127:9:127:42":0,"s:128:2:200:Infinity":1,"f:203:9:203:42":1,"s:204:2:210:Infinity":2,"s:205:16:205:Infinity":3,"b:206:4:209:Infinity:undefined:undefined:undefined:undefined":0,"s:206:4:209:Infinity":4,"s:207:20:207:Infinity":5,"s:208:6:208:Infinity":6,"s:211:2:211:Infinity":7,"f:214:9:214:23":2,"s:215:2:217:Infinity":8,"s:216:4:216:Infinity":9,"s:220:13:349:Infinity":10,"f:220:56:220:62":3,"s:221:8:221:Infinity":11,"s:222:8:222:Infinity":12,"s:223:8:223:Infinity":13,"s:225:8:225:Infinity":14,"f:225:36:225:42":4,"s:225:42:225:108":15,"b:225:42:225:78:225:78:225:108":1,"f:227:11:227:21":5,"s:228:4:228:Infinity":16,"f:231:17:231:33":6,"s:232:4:232:Infinity":17,"s:233:4:245:Infinity":18,"s:234:43:234:Infinity":19,"s:235:6:235:Infinity":20,"s:236:6:236:Infinity":21,"s:237:6:237:Infinity":22,"s:238:6:238:Infinity":23,"s:239:6:239:Infinity":24,"s:240:6:240:Infinity":25,"s:241:6:241:Infinity":26,"s:242:6:242:Infinity":27,"s:243:6:243:Infinity":28,"s:245:14:245:36":29,"f:248:17:248:35":7,"s:249:4:261:Infinity":30,"s:250:18:250:Infinity":31,"b:251:6:260:Infinity:undefined:undefined:undefined:undefined":2,"s:251:6:260:Infinity":32,"b:252:8:252:Infinity:undefined:undefined:undefined:undefined":3,"s:252:8:252:Infinity":33,"s:252:34:252:Infinity":34,"b:253:8:253:Infinity:undefined:undefined:undefined:undefined":4,"s:253:8:253:Infinity":35,"s:253:29:253:Infinity":36,"b:254:8:254:Infinity:undefined:undefined:undefined:undefined":5,"s:254:8:254:Infinity":37,"s:254:34:254:Infinity":38,"b:255:8:255:Infinity:undefined:undefined:undefined:undefined":6,"s:255:8:255:Infinity":39,"s:255:41:255:Infinity":40,"b:256:8:256:Infinity:undefined:undefined:undefined:undefined":7,"s:256:8:256:Infinity":41,"s:256:37:256:Infinity":42,"b:257:8:257:Infinity:undefined:undefined:undefined:undefined":8,"s:257:8:257:Infinity":43,"s:257:35:257:Infinity":44,"b:258:8:258:Infinity:undefined:undefined:undefined:undefined":9,"s:258:8:258:Infinity":45,"s:258:37:258:Infinity":46,"s:259:8:259:Infinity":47,"f:264:11:264:30":8,"b:264:37:264:44":10,"s:265:4:265:Infinity":48,"s:266:4:266:Infinity":49,"s:267:4:267:Infinity":50,"s:268:4:268:Infinity":51,"s:269:4:269:Infinity":52,"f:272:11:272:29":9,"s:273:4:273:Infinity":53,"s:274:4:274:Infinity":54,"s:275:4:275:Infinity":55,"s:276:4:276:Infinity":56,"f:279:11:279:25":10,"s:280:4:280:Infinity":57,"s:281:4:281:Infinity":58,"f:284:11:284:20":11,"s:285:4:285:Infinity":59,"s:286:4:286:Infinity":60,"f:289:11:289:25":12,"s:290:4:290:Infinity":61,"s:291:4:291:Infinity":62,"s:292:4:292:Infinity":63,"f:295:11:295:32":13,"s:296:4:296:Infinity":64,"s:297:4:297:Infinity":65,"f:300:11:300:28":14,"s:301:4:301:Infinity":66,"s:302:4:302:Infinity":67,"f:305:11:305:26":15,"s:306:4:306:Infinity":68,"s:307:4:307:Infinity":69,"f:310:17:310:30":16,"s:311:4:321:Infinity":70,"s:312:18:312:Infinity":71,"b:313:6:320:Infinity:undefined:undefined:undefined:undefined":11,"s:313:6:320:Infinity":72,"s:314:8:318:Infinity":73,"b:315:10:317:Infinity:undefined:undefined:undefined:undefined":12,"s:315:10:317:Infinity":74,"s:316:13:316:Infinity":75,"s:319:8:319:Infinity":76,"f:324:11:324:23":17,"s:325:4:325:Infinity":77,"s:326:4:326:Infinity":78,"f:329:17:329:36":18,"s:330:4:335:Infinity":79,"s:331:21:331:Infinity":80,"b:332:6:334:Infinity:undefined:undefined:undefined:undefined":13,"s:332:6:334:Infinity":81,"s:333:8:333:Infinity":82,"s:336:4:336:Infinity":83,"s:339:2:339:Infinity":84,"s:341:2:348:Infinity":85},"fnNames":{}}}
}
